[07:50:00] [main/WARN] (FabricLoader/Knot) Class path entries reference missing files: C:\Users\hunts\Documents\Games\Minecraft Mods\tardisflightcore\common\build\classes\java\main - the game may not load properly!
[07:50:00] [main/INFO] (FabricLoader/GameProvider) Loading Minecraft 1.20.1 with Fabric Loader 0.15.6
[07:50:00] [main/INFO] (FabricLoader) Loading 63 mods:
	- architectury 9.2.14
	- cardinal-components-base 5.2.2
	- cardinal-components-world 5.2.2
	- fabric-api 0.92.1+1.20.1
	- fabric-api-base 0.4.31+1802ada577
	- fabric-api-lookup-api-v1 1.6.36+1802ada577
	- fabric-biome-api-v1 13.0.13+1802ada577
	- fabric-block-api-v1 1.0.11+1802ada577
	- fabric-block-view-api-v2 1.0.1+1802ada577
	- fabric-blockrenderlayer-v1 1.1.41+1802ada577
	- fabric-client-tags-api-v1 1.1.2+1802ada577
	- fabric-command-api-v1 1.2.34+f71b366f77
	- fabric-command-api-v2 2.2.13+1802ada577
	- fabric-commands-v0 0.2.51+df3654b377
	- fabric-containers-v0 0.1.64+df3654b377
	- fabric-content-registries-v0 4.0.11+1802ada577
	- fabric-convention-tags-v1 1.5.5+1802ada577
	- fabric-crash-report-info-v1 0.2.19+1802ada577
	- fabric-data-attachment-api-v1 1.0.0+de0fd6d177
	- fabric-data-generation-api-v1 12.3.4+1802ada577
	- fabric-dimensions-v1 2.1.54+1802ada577
	- fabric-entity-events-v1 1.6.0+1c78457f77
	- fabric-events-interaction-v0 0.6.2+1802ada577
	- fabric-events-lifecycle-v0 0.2.63+df3654b377
	- fabric-game-rule-api-v1 1.0.40+1802ada577
	- fabric-gametest-api-v1 1.2.13+1802ada577
	- fabric-item-api-v1 2.1.28+1802ada577
	- fabric-item-group-api-v1 4.0.12+1802ada577
	- fabric-key-binding-api-v1 1.0.37+1802ada577
	- fabric-keybindings-v0 0.2.35+df3654b377
	- fabric-lifecycle-events-v1 2.2.22+1802ada577
	- fabric-loot-api-v2 1.2.1+1802ada577
	- fabric-loot-tables-v1 1.1.45+9e7660c677
	- fabric-message-api-v1 5.1.9+1802ada577
	- fabric-mining-level-api-v1 2.1.50+1802ada577
	- fabric-model-loading-api-v1 1.0.3+1802ada577
	- fabric-models-v0 0.4.2+9386d8a777
	- fabric-networking-api-v1 1.3.11+1802ada577
	- fabric-networking-v0 0.3.51+df3654b377
	- fabric-object-builder-api-v1 11.1.3+1802ada577
	- fabric-particles-v1 1.1.2+1802ada577
	- fabric-recipe-api-v1 1.0.21+1802ada577
	- fabric-registry-sync-v0 2.3.3+1802ada577
	- fabric-renderer-api-v1 3.2.1+1802ada577
	- fabric-renderer-indigo 1.5.1+1802ada577
	- fabric-renderer-registries-v1 3.2.46+df3654b377
	- fabric-rendering-data-attachment-v1 0.3.37+92a0d36777
	- fabric-rendering-fluids-v1 3.0.28+1802ada577
	- fabric-rendering-v0 1.1.49+df3654b377
	- fabric-rendering-v1 3.0.8+1802ada577
	- fabric-resource-conditions-api-v1 2.3.8+1802ada577
	- fabric-resource-loader-v0 0.11.10+1802ada577
	- fabric-screen-api-v1 2.0.8+1802ada577
	- fabric-screen-handler-api-v1 1.3.30+1802ada577
	- fabric-sound-api-v1 1.0.13+1802ada577
	- fabric-transfer-api-v1 3.3.5+8dd72ea377
	- fabric-transitive-access-wideners-v1 4.3.1+1802ada577
	- fabricloader 0.15.6
	- forgeconfigapiport 8.0.0
	- java 17
	- minecraft 1.20.1
	- mixinextras 0.3.2
	- tardis_refined 2.1.6
[07:50:01] [main/INFO] (FabricLoader/Mixin) SpongePowered MIXIN Subsystem Version=0.8.5 Source=file:/C:/Users/hunts/.gradle/caches/modules-2/files-2.1/net.fabricmc/sponge-mixin/0.12.5+mixin.0.8.5/8d31fb97c3e0cd7c8dad3441851c523bcfae6d8e/sponge-mixin-0.12.5+mixin.0.8.5.jar Service=Knot/Fabric Env=CLIENT
[07:50:01] [main/INFO] (FabricLoader/Mixin) Loaded Fabric development mappings for mixin remapper!
[07:50:01] [main/INFO] (FabricLoader/Mixin) Compatibility level set to JAVA_16
[07:50:01] [main/INFO] (FabricLoader/Mixin) Compatibility level set to JAVA_17
[07:50:02] [main/WARN] (FabricLoader/Mixin) Error loading class: me/jellysquid/mods/sodium/client/render/immediate/model/EntityRenderer (java.lang.ClassNotFoundException: me/jellysquid/mods/sodium/client/render/immediate/model/EntityRenderer)
[07:50:02] [main/WARN] (FabricLoader/Mixin) @Mixin target me.jellysquid.mods.sodium.client.render.immediate.model.EntityRenderer was not found tardis_refined-common.mixins.json:render.SodiumFixMixin from mod tardis_refined
[07:50:04] [main/INFO] (FabricLoader/MixinExtras|Service) Initializing MixinExtras via com.llamalad7.mixinextras.service.MixinExtrasServiceImpl(version=0.3.2).
[07:50:11] [Datafixer Bootstrap/INFO] (Minecraft) 188 Datafixer optimizations took 155 milliseconds
[07:50:15] [Render thread/INFO] (Minecraft) Environment: authHost='https://authserver.mojang.com', accountsHost='https://api.mojang.com', sessionHost='https://sessionserver.mojang.com', servicesHost='https://api.minecraftservices.com', name='PROD'
[07:50:16] [Render thread/ERROR] (Minecraft) Failed to verify authentication
com.mojang.authlib.exceptions.InvalidCredentialsException: Status: 401
	at com.mojang.authlib.exceptions.MinecraftClientHttpException.toAuthenticationException(MinecraftClientHttpException.java:56) ~[authlib-4.0.43.jar:?]
	at com.mojang.authlib.yggdrasil.YggdrasilUserApiService.fetchProperties(YggdrasilUserApiService.java:156) ~[authlib-4.0.43.jar:?]
	at com.mojang.authlib.yggdrasil.YggdrasilUserApiService.<init>(YggdrasilUserApiService.java:55) ~[authlib-4.0.43.jar:?]
	at com.mojang.authlib.yggdrasil.YggdrasilAuthenticationService.createUserApiService(YggdrasilAuthenticationService.java:124) ~[authlib-4.0.43.jar:?]
	at net.minecraft.client.MinecraftClient.createUserApiService(MinecraftClient.java:733) ~[minecraft-merged-52e899b081-1.20.1-net.fabricmc.yarn.1_20_1.1.20.1+build.10-v2.jar:?]
	at net.minecraft.client.MinecraftClient.<init>(MinecraftClient.java:442) ~[minecraft-merged-52e899b081-1.20.1-net.fabricmc.yarn.1_20_1.1.20.1+build.10-v2.jar:?]
	at net.minecraft.client.main.Main.main(Main.java:211) ~[minecraft-merged-52e899b081-1.20.1-net.fabricmc.yarn.1_20_1.1.20.1+build.10-v2.jar:?]
	at net.fabricmc.loader.impl.game.minecraft.MinecraftGameProvider.launch(MinecraftGameProvider.java:470) ~[fabric-loader-0.15.6.jar:?]
	at net.fabricmc.loader.impl.launch.knot.Knot.launch(Knot.java:74) ~[fabric-loader-0.15.6.jar:?]
	at net.fabricmc.loader.impl.launch.knot.KnotClient.main(KnotClient.java:23) ~[fabric-loader-0.15.6.jar:?]
	at net.fabricmc.devlaunchinjector.Main.main(Main.java:86) ~[dev-launch-injector-0.2.1+build.8.jar:?]
Caused by: com.mojang.authlib.exceptions.MinecraftClientHttpException: Status: 401
	at com.mojang.authlib.minecraft.client.MinecraftClient.readInputStream(MinecraftClient.java:85) ~[authlib-4.0.43.jar:?]
	at com.mojang.authlib.minecraft.client.MinecraftClient.get(MinecraftClient.java:48) ~[authlib-4.0.43.jar:?]
	at com.mojang.authlib.yggdrasil.YggdrasilUserApiService.fetchProperties(YggdrasilUserApiService.java:129) ~[authlib-4.0.43.jar:?]
	... 9 more
[07:50:16] [Render thread/INFO] (Minecraft) Setting user: Player211
[07:50:16] [Render thread/ERROR] (Minecraft) No data fixer registered for tardis_refined:console_control
[07:50:17] [Render thread/INFO] (Tardis Refined) ImmersivePortals was not detected.
[07:50:17] [Render thread/INFO] (NetworkManagerImpl) Registering S2C receiver with id architectury:spawn_entity_packet
[07:50:17] [Render thread/INFO] (Indigo) [Indigo] Registering Indigo renderer!
[07:50:17] [Render thread/INFO] (Minecraft) Backend library: LWJGL version 3.3.1 SNAPSHOT
[07:50:19] [Render thread/INFO] (Minecraft) Reloading ResourceManager: vanilla, fabric (fabric-api, fabric-resource-loader-v0, fabric-crash-report-info-v1, fabric-containers-v0, fabric-recipe-api-v1, fabric-loot-tables-v1, fabric-particles-v1, fabric-dimensions-v1, fabric-models-v0, fabric-api-lookup-api-v1, fabric-blockrenderlayer-v1, fabric-block-view-api-v2, fabric-loot-api-v2, fabricloader, fabric-renderer-api-v1, fabric-model-loading-api-v1, fabric-mining-level-api-v1, fabric-commands-v0, fabric-screen-handler-api-v1, fabric-rendering-v1, fabric-gametest-api-v1, fabric-command-api-v2, cardinal-components-world, fabric-keybindings-v0, fabric-lifecycle-events-v1, fabric-key-binding-api-v1, fabric-client-tags-api-v1, fabric-convention-tags-v1, fabric-renderer-registries-v1, fabric-resource-conditions-api-v1, fabric-entity-events-v1, fabric-networking-v0, fabric-sound-api-v1, fabric-item-group-api-v1, fabric-data-generation-api-v1, fabric-message-api-v1, fabric-transitive-access-wideners-v1, fabric-game-rule-api-v1, fabric-content-registries-v0, fabric-item-api-v1, fabric-rendering-v0, fabric-api-base, fabric-screen-api-v1, fabric-biome-api-v1, fabric-networking-api-v1, fabric-rendering-fluids-v1, fabric-data-attachment-api-v1, fabric-command-api-v1, fabric-rendering-data-attachment-v1, fabric-events-lifecycle-v0, fabric-events-interaction-v0, fabric-object-builder-api-v1, tardis_refined, forgeconfigapiport, fabric-block-api-v1, cardinal-components-base, fabric-registry-sync-v0, fabric-renderer-indigo, fabric-transfer-api-v1)
[07:50:19] [Worker-Main-12/INFO] (Minecraft) Found unifont_all_no_pua-15.0.06.hex, loading
[07:50:20] [Realms Notification Availability checker #1/INFO] (Minecraft) Could not authorize you against Realms server: java.lang.RuntimeException: Failed to parse into SignedJWT: FabricMC
[07:50:21] [Render thread/WARN] (Minecraft) Missing sound for event: minecraft:item.goat_horn.play
[07:50:21] [Render thread/WARN] (Minecraft) Missing sound for event: minecraft:entity.goat.screaming.horn_break
[07:50:21] [Render thread/INFO] (Minecraft) OpenAL initialized on device OpenAL Soft on Headphones (OpenMove by Shokz)
[07:50:21] [Render thread/INFO] (Minecraft) Sound engine started
[07:50:22] [Render thread/INFO] (Minecraft) Created: 1024x512x4 minecraft:textures/atlas/blocks.png-atlas
[07:50:22] [Render thread/INFO] (Minecraft) Created: 256x256x4 minecraft:textures/atlas/signs.png-atlas
[07:50:22] [Render thread/INFO] (Minecraft) Created: 512x512x4 minecraft:textures/atlas/shield_patterns.png-atlas
[07:50:22] [Render thread/INFO] (Minecraft) Created: 512x512x4 minecraft:textures/atlas/banner_patterns.png-atlas
[07:50:22] [Render thread/INFO] (Minecraft) Created: 1024x1024x4 minecraft:textures/atlas/armor_trims.png-atlas
[07:50:22] [Render thread/INFO] (Minecraft) Created: 128x64x4 minecraft:textures/atlas/decorated_pot.png-atlas
[07:50:22] [Render thread/INFO] (Minecraft) Created: 256x256x4 minecraft:textures/atlas/chest.png-atlas
[07:50:22] [Render thread/INFO] (Minecraft) Created: 512x256x4 minecraft:textures/atlas/shulker_boxes.png-atlas
[07:50:22] [Render thread/INFO] (Minecraft) Created: 512x256x4 minecraft:textures/atlas/beds.png-atlas
[07:50:22] [Render thread/INFO] (TardisRefined/ModelLayerManager) Loading model: tardis_refined:door/shulker_door
[07:50:22] [Render thread/INFO] (TardisRefined/ModelLayerManager) Loading model: tardis_refined:door/castle_door
[07:50:22] [Render thread/INFO] (TardisRefined/ModelLayerManager) Loading model: tardis_refined:shell/present_shell
[07:50:22] [Render thread/INFO] (TardisRefined/ModelLayerManager) Loading model: tardis_refined:shell/castle_shell
[07:50:22] [Render thread/INFO] (TardisRefined/ModelLayerManager) Loading model: tardis_refined:console/initiative
[07:50:22] [Render thread/INFO] (TardisRefined/ModelLayerManager) Loading model: tardis_refined:console/nuka
[07:50:22] [Render thread/INFO] (TardisRefined/ModelLayerManager) Loading model: tardis_refined:door/present_door
[07:50:22] [Render thread/INFO] (TardisRefined/ModelLayerManager) Loading model: tardis_refined:shell/root_shell
[07:50:22] [Render thread/INFO] (TardisRefined/ModelLayerManager) Loading model: tardis_refined:console/copper
[07:50:22] [Render thread/INFO] (TardisRefined/ModelLayerManager) Loading model: tardis_refined:door/half_baked_door
[07:50:22] [Render thread/INFO] (TardisRefined/ModelLayerManager) Loading model: tardis_refined:shell/lift_shell
[07:50:22] [Render thread/INFO] (TardisRefined/ModelLayerManager) Loading model: tardis_refined:shell/groening_shell
[07:50:22] [Render thread/INFO] (TardisRefined/ModelLayerManager) Loading model: tardis_refined:console/coral
[07:50:22] [Render thread/INFO] (TardisRefined/ModelLayerManager) Loading model: tardis_refined:shell/briefcase_shell
[07:50:22] [Render thread/INFO] (TardisRefined/ModelLayerManager) Loading model: tardis_refined:shell/half_baked_shell
[07:50:22] [Render thread/INFO] (TardisRefined/ModelLayerManager) Loading model: tardis_refined:shell/hieroglyph_shell
[07:50:22] [Render thread/INFO] (TardisRefined/ModelLayerManager) Loading model: tardis_refined:door/vending_door
[07:50:22] [Render thread/INFO] (TardisRefined/ModelLayerManager) Loading model: tardis_refined:shell/phone_booth_shell
[07:50:22] [Render thread/INFO] (TardisRefined/ModelLayerManager) Loading model: tardis_refined:door/pagoda_door
[07:50:22] [Render thread/INFO] (TardisRefined/ModelLayerManager) Loading model: tardis_refined:door/root_shell_door
[07:50:22] [Render thread/INFO] (TardisRefined/ModelLayerManager) Loading model: tardis_refined:shell/drifter_shell
[07:50:22] [Render thread/INFO] (TardisRefined/ModelLayerManager) Loading model: tardis_refined:door/phone_booth_door
[07:50:22] [Render thread/INFO] (TardisRefined/ModelLayerManager) Loading model: tardis_refined:shell/nuka_shell
[07:50:22] [Render thread/INFO] (TardisRefined/ModelLayerManager) Loading model: tardis_refined:shell/pagoda_shell
[07:50:22] [Render thread/INFO] (TardisRefined/ModelLayerManager) Loading model: tardis_refined:shell/pathfinder_shell
[07:50:22] [Render thread/INFO] (TardisRefined/ModelLayerManager) Loading model: tardis_refined:growth/root_plant_three
[07:50:22] [Render thread/INFO] (TardisRefined/ModelLayerManager) Loading model: tardis_refined:console/refurbished
[07:50:22] [Render thread/INFO] (TardisRefined/ModelLayerManager) Loading model: tardis_refined:door/pathfinder_door
[07:50:22] [Render thread/INFO] (TardisRefined/ModelLayerManager) Loading model: tardis_refined:shell/mystic_shell
[07:50:22] [Render thread/INFO] (TardisRefined/ModelLayerManager) Loading model: tardis_refined:technology/artron_pillar
[07:50:22] [Render thread/INFO] (TardisRefined/ModelLayerManager) Loading model: tardis_refined:shell/growth_shell
[07:50:22] [Render thread/INFO] (TardisRefined/ModelLayerManager) Loading model: tardis_refined:growth/root_plant_four
[07:50:22] [Render thread/INFO] (TardisRefined/ModelLayerManager) Loading model: tardis_refined:door/growth_door
[07:50:22] [Render thread/INFO] (TardisRefined/ModelLayerManager) Loading model: tardis_refined:door/mystic_door
[07:50:22] [Render thread/INFO] (TardisRefined/ModelLayerManager) Loading model: tardis_refined:shell/police_box_shell
[07:50:22] [Render thread/INFO] (TardisRefined/ModelLayerManager) Loading model: tardis_refined:shell/big_ben_shell
[07:50:22] [Render thread/INFO] (TardisRefined/ModelLayerManager) Loading model: tardis_refined:console/myst
[07:50:22] [Render thread/INFO] (TardisRefined/ModelLayerManager) Loading model: tardis_refined:door/hieroglyph_door
[07:50:22] [Render thread/INFO] (TardisRefined/ModelLayerManager) Loading model: tardis_refined:shell/factory_shell
[07:50:22] [Render thread/INFO] (TardisRefined/ModelLayerManager) Loading model: tardis_refined:growth/root_plant_five
[07:50:22] [Render thread/INFO] (TardisRefined/ModelLayerManager) Loading model: tardis_refined:shell/vending_shell
[07:50:22] [Render thread/INFO] (TardisRefined/ModelLayerManager) Loading model: tardis_refined:console/factory
[07:50:22] [Render thread/INFO] (TardisRefined/ModelLayerManager) Loading model: tardis_refined:door/police_box_door
[07:50:22] [Render thread/INFO] (TardisRefined/ModelLayerManager) Loading model: tardis_refined:door/lift_door
[07:50:22] [Render thread/INFO] (TardisRefined/ModelLayerManager) Loading model: tardis_refined:growth/root_plant_two
[07:50:22] [Render thread/INFO] (TardisRefined/ModelLayerManager) Loading model: tardis_refined:shell/portaloo_shell
[07:50:22] [Render thread/INFO] (TardisRefined/ModelLayerManager) Loading model: tardis_refined:door/briefcase_door
[07:50:22] [Render thread/INFO] (TardisRefined/ModelLayerManager) Loading model: tardis_refined:console/crystal
[07:50:22] [Render thread/INFO] (TardisRefined/ModelLayerManager) Loading model: tardis_refined:door/drifter_door
[07:50:22] [Render thread/INFO] (TardisRefined/ModelLayerManager) Loading model: tardis_refined:console/toyota
[07:50:22] [Render thread/INFO] (TardisRefined/ModelLayerManager) Loading model: tardis_refined:shell/shulker_shell
[07:50:22] [Render thread/INFO] (TardisRefined/ModelLayerManager) Loading model: tardis_refined:growth/root_plant_one
[07:50:22] [Render thread/INFO] (TardisRefined/ModelLayerManager) Loading model: tardis_refined:console/victorian
[07:50:22] [Render thread/INFO] (TardisRefined/ModelLayerManager) Loading model: tardis_refined:door/groening_door
[07:50:22] [Render thread/INFO] (TardisRefined/ModelLayerManager) Loading model: tardis_refined:door/portaloo_door
[07:50:22] [Render thread/INFO] (TardisRefined/ModelLayerManager) Loading model: tardis_refined:living/ars_egg
[07:50:22] [Render thread/INFO] (TardisRefined/ModelLayerManager) Loading model: tardis_refined:door/bulk_head_door
[07:50:22] [Render thread/INFO] (TardisRefined/ModelLayerManager) Loading model: tardis_refined:door/big_ben_door
[07:50:22] [Render thread/INFO] (TardisRefined/ModelLayerManager) Loading model: tardis_refined:door/nuka_door
[07:50:22] [Render thread/INFO] (TardisRefined/ModelLayerManager) Loading model: tardis_refined:door/factory_door
[07:50:22] [Render thread/INFO] (TardisRefined/FrameByJeryn) Loading animation: tardis_refined:frame/living/ars_egg/crashing.json
[07:50:22] [Render thread/INFO] (TardisRefined/FrameByJeryn) Loading animation: tardis_refined:frame/living/ars_egg/swinging.json
[07:50:22] [Render thread/WARN] (Minecraft) Shader rendertype_entity_translucent_emissive could not find sampler named Sampler2 in the specified shader program.
[07:50:22] [Render thread/INFO] (Minecraft) Created: 512x256x0 minecraft:textures/atlas/particles.png-atlas
[07:50:22] [Render thread/INFO] (Minecraft) Created: 256x256x0 minecraft:textures/atlas/paintings.png-atlas
[07:50:22] [Render thread/INFO] (Minecraft) Created: 128x128x0 minecraft:textures/atlas/mob_effects.png-atlas
[07:50:27] [Worker-Main-9/INFO] (TardisRefined/MergeableCodecJsonReloadListener) Beginning loading of data for data loader: tardis_refined/patterns/shell
[07:50:27] [Worker-Main-15/INFO] (TardisRefined/MergeableCodecJsonReloadListener) Beginning loading of data for data loader: tardis_refined/patterns/console
[07:50:27] [Worker-Main-15/INFO] (TardisRefined/MergeableCodecJsonReloadListener) Adding Pattern tardis_refined:tardis_refined/patterns/console/copper.json for tardis_refined:copper
[07:50:27] [Worker-Main-9/INFO] (TardisRefined/MergeableCodecJsonReloadListener) Adding Pattern tardis_refined:tardis_refined/patterns/shell/big_ben.json for tardis_refined:big_ben
[07:50:27] [Worker-Main-9/INFO] (TardisRefined/MergeableCodecJsonReloadListener) Adding Pattern tardis_refined:tardis_refined/patterns/shell/briefcase.json for tardis_refined:briefcase
[07:50:27] [Worker-Main-9/INFO] (TardisRefined/MergeableCodecJsonReloadListener) Adding Pattern tardis_refined:tardis_refined/patterns/shell/castle.json for tardis_refined:castle
[07:50:27] [Worker-Main-9/INFO] (TardisRefined/MergeableCodecJsonReloadListener) Adding Pattern tardis_refined:tardis_refined/patterns/shell/drifter.json for tardis_refined:drifter
[07:50:27] [Worker-Main-15/INFO] (TardisRefined/MergeableCodecJsonReloadListener) Adding Pattern tardis_refined:tardis_refined/patterns/console/coral.json for tardis_refined:coral
[07:50:27] [Worker-Main-9/INFO] (TardisRefined/MergeableCodecJsonReloadListener) Adding Pattern tardis_refined:tardis_refined/patterns/shell/factory.json for tardis_refined:factory
[07:50:27] [Worker-Main-9/INFO] (TardisRefined/MergeableCodecJsonReloadListener) Adding Pattern tardis_refined:tardis_refined/patterns/shell/groening.json for tardis_refined:groening
[07:50:27] [Worker-Main-9/INFO] (TardisRefined/MergeableCodecJsonReloadListener) Adding Pattern tardis_refined:tardis_refined/patterns/shell/growth.json for tardis_refined:growth
[07:50:27] [Worker-Main-15/INFO] (TardisRefined/MergeableCodecJsonReloadListener) Adding Pattern tardis_refined:tardis_refined/patterns/console/crystal.json for tardis_refined:crystal
[07:50:27] [Worker-Main-9/INFO] (TardisRefined/MergeableCodecJsonReloadListener) Adding Pattern tardis_refined:tardis_refined/patterns/shell/half_baked.json for tardis_refined:half_baked
[07:50:27] [Worker-Main-9/INFO] (TardisRefined/MergeableCodecJsonReloadListener) Adding Pattern tardis_refined:tardis_refined/patterns/shell/hieroglyph.json for tardis_refined:hieroglyph
[07:50:27] [Worker-Main-9/INFO] (TardisRefined/MergeableCodecJsonReloadListener) Adding Pattern tardis_refined:tardis_refined/patterns/shell/lift.json for tardis_refined:lift
[07:50:27] [Worker-Main-15/INFO] (TardisRefined/MergeableCodecJsonReloadListener) Adding Pattern tardis_refined:tardis_refined/patterns/console/factory.json for tardis_refined:factory
[07:50:27] [Worker-Main-9/INFO] (TardisRefined/MergeableCodecJsonReloadListener) Adding Pattern tardis_refined:tardis_refined/patterns/shell/mystic.json for tardis_refined:mystic
[07:50:27] [Worker-Main-9/INFO] (TardisRefined/MergeableCodecJsonReloadListener) Adding Pattern tardis_refined:tardis_refined/patterns/shell/nuka.json for tardis_refined:nuka
[07:50:27] [Worker-Main-9/INFO] (TardisRefined/MergeableCodecJsonReloadListener) Adding Pattern tardis_refined:tardis_refined/patterns/shell/pagoda.json for tardis_refined:pagoda
[07:50:27] [Worker-Main-9/INFO] (TardisRefined/MergeableCodecJsonReloadListener) Adding Pattern tardis_refined:tardis_refined/patterns/shell/pathfinder.json for tardis_refined:pathfinder
[07:50:27] [Worker-Main-9/INFO] (TardisRefined/MergeableCodecJsonReloadListener) Adding Pattern tardis_refined:tardis_refined/patterns/shell/phone_booth.json for tardis_refined:phone_booth
[07:50:27] [Worker-Main-15/INFO] (TardisRefined/MergeableCodecJsonReloadListener) Adding Pattern tardis_refined:tardis_refined/patterns/console/initiative.json for tardis_refined:initiative
[07:50:27] [Worker-Main-15/INFO] (TardisRefined/MergeableCodecJsonReloadListener) Adding Pattern tardis_refined:tardis_refined/patterns/console/myst.json for tardis_refined:myst
[07:50:27] [Worker-Main-9/INFO] (TardisRefined/MergeableCodecJsonReloadListener) Adding Pattern tardis_refined:tardis_refined/patterns/shell/police_box.json for tardis_refined:police_box
[07:50:27] [Worker-Main-9/INFO] (TardisRefined/MergeableCodecJsonReloadListener) Adding Pattern tardis_refined:tardis_refined/patterns/shell/portaloo.json for tardis_refined:portaloo
[07:50:27] [Worker-Main-15/INFO] (TardisRefined/MergeableCodecJsonReloadListener) Adding Pattern tardis_refined:tardis_refined/patterns/console/nuka.json for tardis_refined:nuka
[07:50:27] [Worker-Main-9/INFO] (TardisRefined/MergeableCodecJsonReloadListener) Adding Pattern tardis_refined:tardis_refined/patterns/shell/present.json for tardis_refined:present
[07:50:27] [Worker-Main-15/INFO] (TardisRefined/MergeableCodecJsonReloadListener) Adding Pattern tardis_refined:tardis_refined/patterns/console/refurbished.json for tardis_refined:refurbished
[07:50:27] [Worker-Main-9/INFO] (TardisRefined/MergeableCodecJsonReloadListener) Adding Pattern tardis_refined:tardis_refined/patterns/shell/shulker.json for tardis_refined:shulker
[07:50:27] [Worker-Main-9/INFO] (TardisRefined/MergeableCodecJsonReloadListener) Adding Pattern tardis_refined:tardis_refined/patterns/shell/vending.json for tardis_refined:vending
[07:50:27] [Worker-Main-9/INFO] (TardisRefined/MergeableCodecJsonReloadListener) Data loader for tardis_refined/patterns/shell loaded 0 jsons
[07:50:27] [Worker-Main-15/INFO] (TardisRefined/MergeableCodecJsonReloadListener) Adding Pattern tardis_refined:tardis_refined/patterns/console/toyota.json for tardis_refined:toyota
[07:50:27] [Worker-Main-15/INFO] (TardisRefined/MergeableCodecJsonReloadListener) Adding Pattern tardis_refined:tardis_refined/patterns/console/victorian.json for tardis_refined:victorian
[07:50:27] [Worker-Main-15/INFO] (TardisRefined/MergeableCodecJsonReloadListener) Data loader for tardis_refined/patterns/console loaded 0 jsons
[07:50:28] [Render thread/INFO] (Minecraft) Loaded 8 recipes
[07:50:28] [Render thread/INFO] (Minecraft) Loaded 1290 advancements
[07:50:28] [Render thread/INFO] (TardisRefined/CodecJsonReloadListener) Beginning loading of data for data loader: tardis_refined/desktops
[07:50:28] [Render thread/INFO] (TardisRefined/CodecJsonReloadListener) Adding entry tardis_refined:mechanical
[07:50:28] [Render thread/INFO] (TardisRefined/CodecJsonReloadListener) Adding entry tardis_refined:newwave
[07:50:28] [Render thread/INFO] (TardisRefined/CodecJsonReloadListener) Adding entry tardis_refined:future_nostalgia
[07:50:28] [Render thread/INFO] (TardisRefined/CodecJsonReloadListener) Adding entry tardis_refined:terraformed
[07:50:28] [Render thread/INFO] (TardisRefined/CodecJsonReloadListener) Adding entry tardis_refined:crystal
[07:50:28] [Render thread/INFO] (TardisRefined/CodecJsonReloadListener) Adding entry tardis_refined:copper
[07:50:28] [Render thread/INFO] (TardisRefined/CodecJsonReloadListener) Adding entry tardis_refined:violet_eye
[07:50:28] [Render thread/INFO] (TardisRefined/CodecJsonReloadListener) Adding entry tardis_refined:hellbound
[07:50:28] [Render thread/INFO] (TardisRefined/CodecJsonReloadListener) Adding entry tardis_refined:victorian
[07:50:28] [Render thread/INFO] (TardisRefined/CodecJsonReloadListener) Adding entry tardis_refined:ironguard
[07:50:28] [Render thread/INFO] (TardisRefined/CodecJsonReloadListener) Adding entry tardis_refined:mesh
[07:50:28] [Render thread/INFO] (TardisRefined/CodecJsonReloadListener) Adding entry tardis_refined:arnet
[07:50:28] [Render thread/INFO] (TardisRefined/CodecJsonReloadListener) Adding entry tardis_refined:coral
[07:50:28] [Render thread/INFO] (TardisRefined/CodecJsonReloadListener) Adding entry tardis_refined:radiance
[07:50:28] [Render thread/INFO] (TardisRefined/CodecJsonReloadListener) Adding entry tardis_refined:nuka
[07:50:28] [Render thread/INFO] (TardisRefined/CodecJsonReloadListener) Adding entry tardis_refined:pertwee
[07:50:28] [Render thread/INFO] (TardisRefined/CodecJsonReloadListener) Adding entry tardis_refined:hartnell
[07:50:28] [Render thread/INFO] (TardisRefined/CodecJsonReloadListener) Adding entry tardis_refined:refurbished
[07:50:28] [Render thread/INFO] (TardisRefined/CodecJsonReloadListener) Adding entry tardis_refined:toyota
[07:50:28] [Render thread/INFO] (TardisRefined/CodecJsonReloadListener) Adding entry tardis_refined:vapor
[07:50:28] [Render thread/INFO] (TardisRefined/CodecJsonReloadListener) Adding entry tardis_refined:classic
[07:50:28] [Render thread/INFO] (TardisRefined/CodecJsonReloadListener) Adding entry tardis_refined:factory
[07:50:28] [Render thread/INFO] (TardisRefined/CodecJsonReloadListener) Adding entry tardis_refined:panamax
[07:50:28] [Render thread/INFO] (TardisRefined/CodecJsonReloadListener) Adding entry tardis_refined:lodestone
[07:50:28] [Render thread/INFO] (TardisRefined/CodecJsonReloadListener) Adding entry tardis_refined:watchface
[07:50:28] [Render thread/INFO] (TardisRefined/CodecJsonReloadListener) Data loader for tardis_refined/desktops loaded 25 entries
[07:50:28] [Render thread/INFO] (TardisRefined/CodecJsonReloadListener) Beginning loading of data for data loader: tardis_refined/hums
[07:50:28] [Render thread/INFO] (TardisRefined/CodecJsonReloadListener) Adding entry tardis_refined:crimson_forest
[07:50:28] [Render thread/INFO] (TardisRefined/CodecJsonReloadListener) Adding entry tardis_refined:under_water
[07:50:28] [Render thread/INFO] (TardisRefined/CodecJsonReloadListener) Adding entry tardis_refined:soul_sand_valley
[07:50:28] [Render thread/INFO] (TardisRefined/CodecJsonReloadListener) Adding entry tardis_refined:basalt_deltas
[07:50:28] [Render thread/INFO] (TardisRefined/CodecJsonReloadListener) Adding entry tardis_refined:nether_wastes
[07:50:28] [Render thread/INFO] (TardisRefined/CodecJsonReloadListener) Adding entry tardis_refined:warped_forest
[07:50:28] [Render thread/INFO] (TardisRefined/CodecJsonReloadListener) Adding entry tardis_refined:copper
[07:50:28] [Render thread/INFO] (TardisRefined/CodecJsonReloadListener) Adding entry tardis_refined:aviatrax
[07:50:28] [Render thread/INFO] (TardisRefined/CodecJsonReloadListener) Adding entry tardis_refined:toyota
[07:50:28] [Render thread/INFO] (TardisRefined/CodecJsonReloadListener) Adding entry tardis_refined:victorian
[07:50:28] [Render thread/INFO] (TardisRefined/CodecJsonReloadListener) Adding entry tardis_refined:classic
[07:50:28] [Render thread/INFO] (TardisRefined/CodecJsonReloadListener) Adding entry tardis_refined:cave
[07:50:28] [Render thread/INFO] (TardisRefined/CodecJsonReloadListener) Adding entry tardis_refined:coral
[07:50:28] [Render thread/INFO] (TardisRefined/CodecJsonReloadListener) Data loader for tardis_refined/hums loaded 13 entries
[07:50:31] [Render thread/INFO] (Minecraft) Stopping!
