[08:35:59] [main/INFO] (FabricLoader/GameProvider) Loading Minecraft 1.20.1 with Fabric Loader 0.15.6
[08:35:59] [ForkJoinPool-1-worker-1/WARN] (FabricLoader/Metadata) The mod "tardisflightcore" contains invalid entries in its mod json:
- Unsupported root entry "client" at line 27 column 11
[08:35:59] [ForkJoinPool-1-worker-1/WARN] (FabricLoader/Metadata) Mod tardisflightcore uses the version ${version} which isn't compatible with Loader's extended semantic version format (Could not parse version number component '${version}'!), SemVer is recommended for reliably evaluating dependencies and prioritizing newer version
[08:36:00] [main/INFO] (FabricLoader) Loading 64 mods:
	- cardinal-components-base 5.2.2
	- cardinal-components-world 5.2.2
	- fabric-api 0.92.1+1.20.1
	- fabric-api-base 0.4.31+1802ada577
	- fabric-api-lookup-api-v1 1.6.36+1802ada577
	- fabric-biome-api-v1 13.0.13+1802ada577
	- fabric-block-api-v1 1.0.11+1802ada577
	- fabric-block-view-api-v2 1.0.1+1802ada577
	- fabric-blockrenderlayer-v1 1.1.41+1802ada577
	- fabric-client-tags-api-v1 1.1.2+1802ada577
	- fabric-command-api-v1 1.2.34+f71b366f77
	- fabric-command-api-v2 2.2.13+1802ada577
	- fabric-commands-v0 0.2.51+df3654b377
	- fabric-containers-v0 0.1.64+df3654b377
	- fabric-content-registries-v0 4.0.11+1802ada577
	- fabric-convention-tags-v1 1.5.5+1802ada577
	- fabric-crash-report-info-v1 0.2.19+1802ada577
	- fabric-data-attachment-api-v1 1.0.0+de0fd6d177
	- fabric-data-generation-api-v1 12.3.4+1802ada577
	- fabric-dimensions-v1 2.1.54+1802ada577
	- fabric-entity-events-v1 1.6.0+1c78457f77
	- fabric-events-interaction-v0 0.6.2+1802ada577
	- fabric-events-lifecycle-v0 0.2.63+df3654b377
	- fabric-game-rule-api-v1 1.0.40+1802ada577
	- fabric-gametest-api-v1 1.2.13+1802ada577
	- fabric-item-api-v1 2.1.28+1802ada577
	- fabric-item-group-api-v1 4.0.12+1802ada577
	- fabric-key-binding-api-v1 1.0.37+1802ada577
	- fabric-keybindings-v0 0.2.35+df3654b377
	- fabric-lifecycle-events-v1 2.2.22+1802ada577
	- fabric-loot-api-v2 1.2.1+1802ada577
	- fabric-loot-tables-v1 1.1.45+9e7660c677
	- fabric-message-api-v1 5.1.9+1802ada577
	- fabric-mining-level-api-v1 2.1.50+1802ada577
	- fabric-model-loading-api-v1 1.0.3+1802ada577
	- fabric-models-v0 0.4.2+9386d8a777
	- fabric-networking-api-v1 1.3.11+1802ada577
	- fabric-networking-v0 0.3.51+df3654b377
	- fabric-object-builder-api-v1 11.1.3+1802ada577
	- fabric-particles-v1 1.1.2+1802ada577
	- fabric-recipe-api-v1 1.0.21+1802ada577
	- fabric-registry-sync-v0 2.3.3+1802ada577
	- fabric-renderer-api-v1 3.2.1+1802ada577
	- fabric-renderer-indigo 1.5.1+1802ada577
	- fabric-renderer-registries-v1 3.2.46+df3654b377
	- fabric-rendering-data-attachment-v1 0.3.37+92a0d36777
	- fabric-rendering-fluids-v1 3.0.28+1802ada577
	- fabric-rendering-v0 1.1.49+df3654b377
	- fabric-rendering-v1 3.0.8+1802ada577
	- fabric-resource-conditions-api-v1 2.3.8+1802ada577
	- fabric-resource-loader-v0 0.11.10+1802ada577
	- fabric-screen-api-v1 2.0.8+1802ada577
	- fabric-screen-handler-api-v1 1.3.30+1802ada577
	- fabric-sound-api-v1 1.0.13+1802ada577
	- fabric-transfer-api-v1 3.3.5+8dd72ea377
	- fabric-transitive-access-wideners-v1 4.3.1+1802ada577
	- fabricloader 0.15.6
	- forgeconfigapiport 8.0.0
	- java 17
	- minecraft 1.20.1
	- mixinextras 0.3.2
	- tardis_refined 2.1.6
	   \-- cardinal-components-entity 5.2.2
	- tardisflightcore ${version}
[08:36:04] [main/WARN] (FabricLoader/ModRemap) Error deleting temporary input jar true
java.nio.file.FileSystemException: C:\Users\hunts\Documents\Games\Minecraft Mods\tardisflightcore\fabric\run\.fabric\tmp\cardinal-components-entity10923727043925342532.jar: The process cannot access the file because it is being used by another process
	at sun.nio.fs.WindowsException.translateToIOException(WindowsException.java:92) ~[?:?]
	at sun.nio.fs.WindowsException.rethrowAsIOException(WindowsException.java:103) ~[?:?]
	at sun.nio.fs.WindowsException.rethrowAsIOException(WindowsException.java:108) ~[?:?]
	at sun.nio.fs.WindowsFileSystemProvider.implDelete(WindowsFileSystemProvider.java:275) ~[?:?]
	at sun.nio.fs.AbstractFileSystemProvider.deleteIfExists(AbstractFileSystemProvider.java:110) ~[?:?]
	at java.nio.file.Files.deleteIfExists(Files.java:1191) ~[?:?]
	at net.fabricmc.loader.impl.discovery.RuntimeModRemapper.remap(RuntimeModRemapper.java:194) ~[fabric-loader-0.15.6.jar:?]
	at net.fabricmc.loader.impl.FabricLoaderImpl.setup(FabricLoaderImpl.java:242) ~[fabric-loader-0.15.6.jar:?]
	at net.fabricmc.loader.impl.FabricLoaderImpl.load(FabricLoaderImpl.java:192) ~[fabric-loader-0.15.6.jar:?]
	at net.fabricmc.loader.impl.launch.knot.Knot.init(Knot.java:146) ~[fabric-loader-0.15.6.jar:?]
	at net.fabricmc.loader.impl.launch.knot.Knot.launch(Knot.java:68) ~[fabric-loader-0.15.6.jar:?]
	at net.fabricmc.loader.impl.launch.knot.KnotClient.main(KnotClient.java:23) ~[fabric-loader-0.15.6.jar:?]
	at net.fabricmc.devlaunchinjector.Main.main(Main.java:86) ~[?:?]
[08:36:04] [main/INFO] (FabricLoader/Mixin) SpongePowered MIXIN Subsystem Version=0.8.5 Source=file:/C:/Users/hunts/.gradle/caches/modules-2/files-2.1/net.fabricmc/sponge-mixin/0.12.5+mixin.0.8.5/8d31fb97c3e0cd7c8dad3441851c523bcfae6d8e/sponge-mixin-0.12.5+mixin.0.8.5.jar Service=Knot/Fabric Env=CLIENT
[08:36:04] [main/INFO] (FabricLoader/Mixin) Loaded Fabric development mappings for mixin remapper!
[08:36:04] [main/INFO] (FabricLoader/Mixin) Compatibility level set to JAVA_16
[08:36:04] [main/INFO] (FabricLoader/Mixin) Compatibility level set to JAVA_17
[08:36:05] [main/WARN] (FabricLoader/Mixin) Error loading class: me/jellysquid/mods/sodium/client/render/immediate/model/EntityRenderer (java.lang.ClassNotFoundException: me/jellysquid/mods/sodium/client/render/immediate/model/EntityRenderer)
[08:36:05] [main/WARN] (FabricLoader/Mixin) @Mixin target me.jellysquid.mods.sodium.client.render.immediate.model.EntityRenderer was not found tardis_refined-common.mixins.json:render.SodiumFixMixin from mod tardis_refined
[08:36:06] [main/INFO] (FabricLoader/MixinExtras|Service) Initializing MixinExtras via com.llamalad7.mixinextras.service.MixinExtrasServiceImpl(version=0.3.2).
[08:36:11] [Datafixer Bootstrap/INFO] (Minecraft) 188 Datafixer optimizations took 148 milliseconds
[08:36:13] [Render thread/INFO] (Minecraft) Environment: authHost='https://authserver.mojang.com', accountsHost='https://api.mojang.com', sessionHost='https://sessionserver.mojang.com', servicesHost='https://api.minecraftservices.com', name='PROD'
[08:36:14] [Render thread/ERROR] (Minecraft) Failed to verify authentication
com.mojang.authlib.exceptions.InvalidCredentialsException: Status: 401
	at com.mojang.authlib.exceptions.MinecraftClientHttpException.toAuthenticationException(MinecraftClientHttpException.java:56) ~[authlib-4.0.43.jar:?]
	at com.mojang.authlib.yggdrasil.YggdrasilUserApiService.fetchProperties(YggdrasilUserApiService.java:156) ~[authlib-4.0.43.jar:?]
	at com.mojang.authlib.yggdrasil.YggdrasilUserApiService.<init>(YggdrasilUserApiService.java:55) ~[authlib-4.0.43.jar:?]
	at com.mojang.authlib.yggdrasil.YggdrasilAuthenticationService.createUserApiService(YggdrasilAuthenticationService.java:124) ~[authlib-4.0.43.jar:?]
	at net.minecraft.client.MinecraftClient.createUserApiService(MinecraftClient.java:733) ~[minecraft-merged-85fa85227b-1.20.1-net.fabricmc.yarn.1_20_1.1.20.1+build.10-v2.jar:?]
	at net.minecraft.client.MinecraftClient.<init>(MinecraftClient.java:442) ~[minecraft-merged-85fa85227b-1.20.1-net.fabricmc.yarn.1_20_1.1.20.1+build.10-v2.jar:?]
	at net.minecraft.client.main.Main.main(Main.java:211) ~[minecraft-merged-85fa85227b-1.20.1-net.fabricmc.yarn.1_20_1.1.20.1+build.10-v2.jar:?]
	at net.fabricmc.loader.impl.game.minecraft.MinecraftGameProvider.launch(MinecraftGameProvider.java:470) ~[fabric-loader-0.15.6.jar:?]
	at net.fabricmc.loader.impl.launch.knot.Knot.launch(Knot.java:74) ~[fabric-loader-0.15.6.jar:?]
	at net.fabricmc.loader.impl.launch.knot.KnotClient.main(KnotClient.java:23) ~[fabric-loader-0.15.6.jar:?]
	at net.fabricmc.devlaunchinjector.Main.main(Main.java:86) ~[dev-launch-injector-0.2.1+build.8.jar:?]
Caused by: com.mojang.authlib.exceptions.MinecraftClientHttpException: Status: 401
	at com.mojang.authlib.minecraft.client.MinecraftClient.readInputStream(MinecraftClient.java:85) ~[authlib-4.0.43.jar:?]
	at com.mojang.authlib.minecraft.client.MinecraftClient.get(MinecraftClient.java:48) ~[authlib-4.0.43.jar:?]
	at com.mojang.authlib.yggdrasil.YggdrasilUserApiService.fetchProperties(YggdrasilUserApiService.java:129) ~[authlib-4.0.43.jar:?]
	... 9 more
[08:36:14] [Render thread/INFO] (Minecraft) Setting user: Player117
[08:36:14] [Render thread/ERROR] (Minecraft) No data fixer registered for tardis_refined:console_control
[08:36:15] [Render thread/INFO] (Tardis Refined) ImmersivePortals was not detected.
[08:36:15] [Render thread/INFO] (Indigo) [Indigo] Registering Indigo renderer!
[08:36:15] [Render thread/INFO] (Minecraft) Backend library: LWJGL version 3.3.1 SNAPSHOT
[08:36:17] [Render thread/INFO] (Minecraft) Reloading ResourceManager: vanilla, fabric (fabric-particles-v1, fabric-block-api-v1, fabric-gametest-api-v1, fabric-containers-v0, fabric-screen-handler-api-v1, tardisflightcore, fabric-rendering-data-attachment-v1, fabric-networking-v0, fabric-api-lookup-api-v1, fabric-message-api-v1, fabric-api-base, fabric-rendering-v1, fabric-recipe-api-v1, fabric-biome-api-v1, fabric-crash-report-info-v1, fabric-transfer-api-v1, fabric-rendering-v0, cardinal-components-entity, fabric-transitive-access-wideners-v1, fabric-item-api-v1, fabric-renderer-indigo, fabric-keybindings-v0, fabric-dimensions-v1, fabric-loot-tables-v1, fabric-resource-conditions-api-v1, fabric-renderer-registries-v1, fabric-client-tags-api-v1, cardinal-components-world, forgeconfigapiport, fabric-networking-api-v1, fabric-data-attachment-api-v1, fabric-game-rule-api-v1, fabric-events-interaction-v0, fabric-item-group-api-v1, fabric-events-lifecycle-v0, fabric-mining-level-api-v1, fabric-data-generation-api-v1, cardinal-components-base, fabric-renderer-api-v1, fabric-block-view-api-v2, fabric-sound-api-v1, fabric-commands-v0, fabric-api, fabric-lifecycle-events-v1, fabric-models-v0, fabric-model-loading-api-v1, fabric-entity-events-v1, fabric-command-api-v2, fabric-key-binding-api-v1, fabric-object-builder-api-v1, fabric-content-registries-v0, fabric-registry-sync-v0, fabric-command-api-v1, fabric-rendering-fluids-v1, fabric-screen-api-v1, fabric-convention-tags-v1, fabricloader, fabric-loot-api-v2, fabric-blockrenderlayer-v1, tardis_refined, fabric-resource-loader-v0)
[08:36:17] [Worker-Main-12/INFO] (Minecraft) Found unifont_all_no_pua-15.0.06.hex, loading
[08:36:18] [Realms Notification Availability checker #1/INFO] (Minecraft) Could not authorize you against Realms server: java.lang.RuntimeException: Failed to parse into SignedJWT: FabricMC
[08:36:18] [Render thread/WARN] (Minecraft) Missing sound for event: minecraft:item.goat_horn.play
[08:36:18] [Render thread/WARN] (Minecraft) Missing sound for event: minecraft:entity.goat.screaming.horn_break
[08:36:18] [Render thread/INFO] (Minecraft) OpenAL initialized on device OpenAL Soft on Headphones (OpenMove by Shokz)
[08:36:18] [Render thread/INFO] (Minecraft) Sound engine started
[08:36:18] [Render thread/INFO] (Minecraft) Created: 1024x512x4 minecraft:textures/atlas/blocks.png-atlas
[08:36:18] [Render thread/INFO] (Minecraft) Created: 256x256x4 minecraft:textures/atlas/signs.png-atlas
[08:36:18] [Render thread/INFO] (Minecraft) Created: 512x512x4 minecraft:textures/atlas/banner_patterns.png-atlas
[08:36:18] [Render thread/INFO] (Minecraft) Created: 512x512x4 minecraft:textures/atlas/shield_patterns.png-atlas
[08:36:18] [Render thread/INFO] (Minecraft) Created: 1024x1024x4 minecraft:textures/atlas/armor_trims.png-atlas
[08:36:18] [Render thread/INFO] (Minecraft) Created: 256x256x4 minecraft:textures/atlas/chest.png-atlas
[08:36:18] [Render thread/INFO] (Minecraft) Created: 128x64x4 minecraft:textures/atlas/decorated_pot.png-atlas
[08:36:18] [Render thread/INFO] (Minecraft) Created: 512x256x4 minecraft:textures/atlas/shulker_boxes.png-atlas
[08:36:18] [Render thread/INFO] (Minecraft) Created: 512x256x4 minecraft:textures/atlas/beds.png-atlas
[08:36:19] [Render thread/INFO] (TardisRefined/ModelLayerManager) Loading model: tardis_refined:door/shulker_door
[08:36:19] [Render thread/INFO] (TardisRefined/ModelLayerManager) Loading model: tardis_refined:door/castle_door
[08:36:19] [Render thread/INFO] (TardisRefined/ModelLayerManager) Loading model: tardis_refined:shell/present_shell
[08:36:19] [Render thread/INFO] (TardisRefined/ModelLayerManager) Loading model: tardis_refined:shell/castle_shell
[08:36:19] [Render thread/INFO] (TardisRefined/ModelLayerManager) Loading model: tardis_refined:console/initiative
[08:36:19] [Render thread/INFO] (TardisRefined/ModelLayerManager) Loading model: tardis_refined:console/nuka
[08:36:19] [Render thread/INFO] (TardisRefined/ModelLayerManager) Loading model: tardis_refined:door/present_door
[08:36:19] [Render thread/INFO] (TardisRefined/ModelLayerManager) Loading model: tardis_refined:shell/root_shell
[08:36:19] [Render thread/INFO] (TardisRefined/ModelLayerManager) Loading model: tardis_refined:console/copper
[08:36:19] [Render thread/INFO] (TardisRefined/ModelLayerManager) Loading model: tardis_refined:door/half_baked_door
[08:36:19] [Render thread/INFO] (TardisRefined/ModelLayerManager) Loading model: tardis_refined:shell/lift_shell
[08:36:19] [Render thread/INFO] (TardisRefined/ModelLayerManager) Loading model: tardis_refined:shell/groening_shell
[08:36:19] [Render thread/INFO] (TardisRefined/ModelLayerManager) Loading model: tardis_refined:console/coral
[08:36:19] [Render thread/INFO] (TardisRefined/ModelLayerManager) Loading model: tardis_refined:shell/briefcase_shell
[08:36:19] [Render thread/INFO] (TardisRefined/ModelLayerManager) Loading model: tardis_refined:shell/half_baked_shell
[08:36:19] [Render thread/INFO] (TardisRefined/ModelLayerManager) Loading model: tardis_refined:shell/hieroglyph_shell
[08:36:19] [Render thread/INFO] (TardisRefined/ModelLayerManager) Loading model: tardis_refined:door/vending_door
[08:36:19] [Render thread/INFO] (TardisRefined/ModelLayerManager) Loading model: tardis_refined:shell/phone_booth_shell
[08:36:19] [Render thread/INFO] (TardisRefined/ModelLayerManager) Loading model: tardis_refined:door/pagoda_door
[08:36:19] [Render thread/INFO] (TardisRefined/ModelLayerManager) Loading model: tardis_refined:door/root_shell_door
[08:36:19] [Render thread/INFO] (TardisRefined/ModelLayerManager) Loading model: tardis_refined:shell/drifter_shell
[08:36:19] [Render thread/INFO] (TardisRefined/ModelLayerManager) Loading model: tardis_refined:door/phone_booth_door
[08:36:19] [Render thread/INFO] (TardisRefined/ModelLayerManager) Loading model: tardis_refined:shell/nuka_shell
[08:36:19] [Render thread/INFO] (TardisRefined/ModelLayerManager) Loading model: tardis_refined:shell/pagoda_shell
[08:36:19] [Render thread/INFO] (TardisRefined/ModelLayerManager) Loading model: tardis_refined:shell/pathfinder_shell
[08:36:19] [Render thread/INFO] (TardisRefined/ModelLayerManager) Loading model: tardis_refined:growth/root_plant_three
[08:36:19] [Render thread/INFO] (TardisRefined/ModelLayerManager) Loading model: tardis_refined:console/refurbished
[08:36:19] [Render thread/INFO] (TardisRefined/ModelLayerManager) Loading model: tardis_refined:door/pathfinder_door
[08:36:19] [Render thread/INFO] (TardisRefined/ModelLayerManager) Loading model: tardis_refined:shell/mystic_shell
[08:36:19] [Render thread/INFO] (TardisRefined/ModelLayerManager) Loading model: tardis_refined:technology/artron_pillar
[08:36:19] [Render thread/INFO] (TardisRefined/ModelLayerManager) Loading model: tardis_refined:shell/growth_shell
[08:36:19] [Render thread/INFO] (TardisRefined/ModelLayerManager) Loading model: tardis_refined:growth/root_plant_four
[08:36:19] [Render thread/INFO] (TardisRefined/ModelLayerManager) Loading model: tardis_refined:door/growth_door
[08:36:19] [Render thread/INFO] (TardisRefined/ModelLayerManager) Loading model: tardis_refined:door/mystic_door
[08:36:19] [Render thread/INFO] (TardisRefined/ModelLayerManager) Loading model: tardis_refined:shell/police_box_shell
[08:36:19] [Render thread/INFO] (TardisRefined/ModelLayerManager) Loading model: tardis_refined:shell/big_ben_shell
[08:36:19] [Render thread/INFO] (TardisRefined/ModelLayerManager) Loading model: tardis_refined:console/myst
[08:36:19] [Render thread/INFO] (TardisRefined/ModelLayerManager) Loading model: tardis_refined:door/hieroglyph_door
[08:36:19] [Render thread/INFO] (TardisRefined/ModelLayerManager) Loading model: tardis_refined:shell/factory_shell
[08:36:19] [Render thread/INFO] (TardisRefined/ModelLayerManager) Loading model: tardis_refined:growth/root_plant_five
[08:36:19] [Render thread/INFO] (TardisRefined/ModelLayerManager) Loading model: tardis_refined:shell/vending_shell
[08:36:19] [Render thread/INFO] (TardisRefined/ModelLayerManager) Loading model: tardis_refined:console/factory
[08:36:19] [Render thread/INFO] (TardisRefined/ModelLayerManager) Loading model: tardis_refined:door/police_box_door
[08:36:19] [Render thread/INFO] (TardisRefined/ModelLayerManager) Loading model: tardis_refined:door/lift_door
[08:36:19] [Render thread/INFO] (TardisRefined/ModelLayerManager) Loading model: tardis_refined:growth/root_plant_two
[08:36:19] [Render thread/INFO] (TardisRefined/ModelLayerManager) Loading model: tardis_refined:shell/portaloo_shell
[08:36:19] [Render thread/INFO] (TardisRefined/ModelLayerManager) Loading model: tardis_refined:door/briefcase_door
[08:36:19] [Render thread/INFO] (TardisRefined/ModelLayerManager) Loading model: tardis_refined:console/crystal
[08:36:19] [Render thread/INFO] (TardisRefined/ModelLayerManager) Loading model: tardis_refined:door/drifter_door
[08:36:19] [Render thread/INFO] (TardisRefined/ModelLayerManager) Loading model: tardis_refined:console/toyota
[08:36:19] [Render thread/INFO] (TardisRefined/ModelLayerManager) Loading model: tardis_refined:shell/shulker_shell
[08:36:19] [Render thread/INFO] (TardisRefined/ModelLayerManager) Loading model: tardis_refined:growth/root_plant_one
[08:36:19] [Render thread/INFO] (TardisRefined/ModelLayerManager) Loading model: tardis_refined:console/victorian
[08:36:19] [Render thread/INFO] (TardisRefined/ModelLayerManager) Loading model: tardis_refined:door/groening_door
[08:36:19] [Render thread/INFO] (TardisRefined/ModelLayerManager) Loading model: tardis_refined:door/portaloo_door
[08:36:19] [Render thread/INFO] (TardisRefined/ModelLayerManager) Loading model: tardis_refined:living/ars_egg
[08:36:19] [Render thread/INFO] (TardisRefined/ModelLayerManager) Loading model: tardis_refined:door/bulk_head_door
[08:36:19] [Render thread/INFO] (TardisRefined/ModelLayerManager) Loading model: tardis_refined:door/big_ben_door
[08:36:19] [Render thread/INFO] (TardisRefined/ModelLayerManager) Loading model: tardis_refined:door/nuka_door
[08:36:19] [Render thread/INFO] (TardisRefined/ModelLayerManager) Loading model: tardis_refined:door/factory_door
[08:36:19] [Render thread/INFO] (TardisRefined/FrameByJeryn) Loading animation: tardis_refined:frame/living/ars_egg/crashing.json
[08:36:19] [Render thread/INFO] (TardisRefined/FrameByJeryn) Loading animation: tardis_refined:frame/living/ars_egg/swinging.json
[08:36:19] [Render thread/WARN] (Minecraft) Shader rendertype_entity_translucent_emissive could not find sampler named Sampler2 in the specified shader program.
[08:36:19] [Render thread/INFO] (Minecraft) Created: 512x256x0 minecraft:textures/atlas/particles.png-atlas
[08:36:19] [Render thread/INFO] (Minecraft) Created: 256x256x0 minecraft:textures/atlas/paintings.png-atlas
[08:36:19] [Render thread/INFO] (Minecraft) Created: 128x128x0 minecraft:textures/atlas/mob_effects.png-atlas
[08:36:25] [Worker-Main-9/INFO] (TardisRefined/MergeableCodecJsonReloadListener) Beginning loading of data for data loader: tardis_refined/patterns/console
[08:36:25] [Worker-Main-1/INFO] (TardisRefined/MergeableCodecJsonReloadListener) Beginning loading of data for data loader: tardis_refined/patterns/shell
[08:36:25] [Worker-Main-9/INFO] (TardisRefined/MergeableCodecJsonReloadListener) Adding Pattern tardis_refined:tardis_refined/patterns/console/copper.json for tardis_refined:copper
[08:36:25] [Worker-Main-1/INFO] (TardisRefined/MergeableCodecJsonReloadListener) Adding Pattern tardis_refined:tardis_refined/patterns/shell/big_ben.json for tardis_refined:big_ben
[08:36:25] [Worker-Main-9/INFO] (TardisRefined/MergeableCodecJsonReloadListener) Adding Pattern tardis_refined:tardis_refined/patterns/console/coral.json for tardis_refined:coral
[08:36:25] [Worker-Main-1/INFO] (TardisRefined/MergeableCodecJsonReloadListener) Adding Pattern tardis_refined:tardis_refined/patterns/shell/briefcase.json for tardis_refined:briefcase
[08:36:25] [Worker-Main-9/INFO] (TardisRefined/MergeableCodecJsonReloadListener) Adding Pattern tardis_refined:tardis_refined/patterns/console/crystal.json for tardis_refined:crystal
[08:36:25] [Worker-Main-1/INFO] (TardisRefined/MergeableCodecJsonReloadListener) Adding Pattern tardis_refined:tardis_refined/patterns/shell/castle.json for tardis_refined:castle
[08:36:25] [Worker-Main-9/INFO] (TardisRefined/MergeableCodecJsonReloadListener) Adding Pattern tardis_refined:tardis_refined/patterns/console/factory.json for tardis_refined:factory
[08:36:25] [Worker-Main-1/INFO] (TardisRefined/MergeableCodecJsonReloadListener) Adding Pattern tardis_refined:tardis_refined/patterns/shell/drifter.json for tardis_refined:drifter
[08:36:25] [Worker-Main-1/INFO] (TardisRefined/MergeableCodecJsonReloadListener) Adding Pattern tardis_refined:tardis_refined/patterns/shell/factory.json for tardis_refined:factory
[08:36:25] [Worker-Main-1/INFO] (TardisRefined/MergeableCodecJsonReloadListener) Adding Pattern tardis_refined:tardis_refined/patterns/shell/groening.json for tardis_refined:groening
[08:36:25] [Worker-Main-9/INFO] (TardisRefined/MergeableCodecJsonReloadListener) Adding Pattern tardis_refined:tardis_refined/patterns/console/initiative.json for tardis_refined:initiative
[08:36:25] [Worker-Main-1/INFO] (TardisRefined/MergeableCodecJsonReloadListener) Adding Pattern tardis_refined:tardis_refined/patterns/shell/growth.json for tardis_refined:growth
[08:36:25] [Worker-Main-1/INFO] (TardisRefined/MergeableCodecJsonReloadListener) Adding Pattern tardis_refined:tardis_refined/patterns/shell/half_baked.json for tardis_refined:half_baked
[08:36:25] [Worker-Main-9/INFO] (TardisRefined/MergeableCodecJsonReloadListener) Adding Pattern tardis_refined:tardis_refined/patterns/console/myst.json for tardis_refined:myst
[08:36:25] [Worker-Main-1/INFO] (TardisRefined/MergeableCodecJsonReloadListener) Adding Pattern tardis_refined:tardis_refined/patterns/shell/hieroglyph.json for tardis_refined:hieroglyph
[08:36:25] [Worker-Main-1/INFO] (TardisRefined/MergeableCodecJsonReloadListener) Adding Pattern tardis_refined:tardis_refined/patterns/shell/lift.json for tardis_refined:lift
[08:36:25] [Worker-Main-9/INFO] (TardisRefined/MergeableCodecJsonReloadListener) Adding Pattern tardis_refined:tardis_refined/patterns/console/nuka.json for tardis_refined:nuka
[08:36:25] [Worker-Main-1/INFO] (TardisRefined/MergeableCodecJsonReloadListener) Adding Pattern tardis_refined:tardis_refined/patterns/shell/mystic.json for tardis_refined:mystic
[08:36:25] [Worker-Main-9/INFO] (TardisRefined/MergeableCodecJsonReloadListener) Adding Pattern tardis_refined:tardis_refined/patterns/console/refurbished.json for tardis_refined:refurbished
[08:36:25] [Worker-Main-1/INFO] (TardisRefined/MergeableCodecJsonReloadListener) Adding Pattern tardis_refined:tardis_refined/patterns/shell/nuka.json for tardis_refined:nuka
[08:36:25] [Worker-Main-1/INFO] (TardisRefined/MergeableCodecJsonReloadListener) Adding Pattern tardis_refined:tardis_refined/patterns/shell/pagoda.json for tardis_refined:pagoda
[08:36:25] [Worker-Main-1/INFO] (TardisRefined/MergeableCodecJsonReloadListener) Adding Pattern tardis_refined:tardis_refined/patterns/shell/pathfinder.json for tardis_refined:pathfinder
[08:36:25] [Worker-Main-9/INFO] (TardisRefined/MergeableCodecJsonReloadListener) Adding Pattern tardis_refined:tardis_refined/patterns/console/toyota.json for tardis_refined:toyota
[08:36:25] [Worker-Main-1/INFO] (TardisRefined/MergeableCodecJsonReloadListener) Adding Pattern tardis_refined:tardis_refined/patterns/shell/phone_booth.json for tardis_refined:phone_booth
[08:36:25] [Worker-Main-9/INFO] (TardisRefined/MergeableCodecJsonReloadListener) Adding Pattern tardis_refined:tardis_refined/patterns/console/victorian.json for tardis_refined:victorian
[08:36:25] [Worker-Main-1/INFO] (TardisRefined/MergeableCodecJsonReloadListener) Adding Pattern tardis_refined:tardis_refined/patterns/shell/police_box.json for tardis_refined:police_box
[08:36:25] [Worker-Main-9/INFO] (TardisRefined/MergeableCodecJsonReloadListener) Data loader for tardis_refined/patterns/console loaded 0 jsons
[08:36:25] [Worker-Main-1/INFO] (TardisRefined/MergeableCodecJsonReloadListener) Adding Pattern tardis_refined:tardis_refined/patterns/shell/portaloo.json for tardis_refined:portaloo
[08:36:25] [Worker-Main-1/INFO] (TardisRefined/MergeableCodecJsonReloadListener) Adding Pattern tardis_refined:tardis_refined/patterns/shell/present.json for tardis_refined:present
[08:36:25] [Worker-Main-1/INFO] (TardisRefined/MergeableCodecJsonReloadListener) Adding Pattern tardis_refined:tardis_refined/patterns/shell/shulker.json for tardis_refined:shulker
[08:36:25] [Worker-Main-1/INFO] (TardisRefined/MergeableCodecJsonReloadListener) Adding Pattern tardis_refined:tardis_refined/patterns/shell/vending.json for tardis_refined:vending
[08:36:25] [Worker-Main-1/INFO] (TardisRefined/MergeableCodecJsonReloadListener) Data loader for tardis_refined/patterns/shell loaded 0 jsons
[08:36:25] [Render thread/INFO] (Minecraft) Loaded 8 recipes
[08:36:25] [Render thread/INFO] (Minecraft) Loaded 1290 advancements
[08:36:25] [Render thread/INFO] (TardisRefined/CodecJsonReloadListener) Beginning loading of data for data loader: tardis_refined/desktops
[08:36:25] [Render thread/INFO] (TardisRefined/CodecJsonReloadListener) Adding entry tardis_refined:mechanical
[08:36:25] [Render thread/INFO] (TardisRefined/CodecJsonReloadListener) Adding entry tardis_refined:newwave
[08:36:25] [Render thread/INFO] (TardisRefined/CodecJsonReloadListener) Adding entry tardis_refined:future_nostalgia
[08:36:25] [Render thread/INFO] (TardisRefined/CodecJsonReloadListener) Adding entry tardis_refined:terraformed
[08:36:25] [Render thread/INFO] (TardisRefined/CodecJsonReloadListener) Adding entry tardis_refined:crystal
[08:36:25] [Render thread/INFO] (TardisRefined/CodecJsonReloadListener) Adding entry tardis_refined:copper
[08:36:25] [Render thread/INFO] (TardisRefined/CodecJsonReloadListener) Adding entry tardis_refined:violet_eye
[08:36:25] [Render thread/INFO] (TardisRefined/CodecJsonReloadListener) Adding entry tardis_refined:hellbound
[08:36:25] [Render thread/INFO] (TardisRefined/CodecJsonReloadListener) Adding entry tardis_refined:victorian
[08:36:25] [Render thread/INFO] (TardisRefined/CodecJsonReloadListener) Adding entry tardis_refined:ironguard
[08:36:25] [Render thread/INFO] (TardisRefined/CodecJsonReloadListener) Adding entry tardis_refined:mesh
[08:36:25] [Render thread/INFO] (TardisRefined/CodecJsonReloadListener) Adding entry tardis_refined:arnet
[08:36:25] [Render thread/INFO] (TardisRefined/CodecJsonReloadListener) Adding entry tardis_refined:coral
[08:36:25] [Render thread/INFO] (TardisRefined/CodecJsonReloadListener) Adding entry tardis_refined:radiance
[08:36:25] [Render thread/INFO] (TardisRefined/CodecJsonReloadListener) Adding entry tardis_refined:nuka
[08:36:25] [Render thread/INFO] (TardisRefined/CodecJsonReloadListener) Adding entry tardis_refined:pertwee
[08:36:25] [Render thread/INFO] (TardisRefined/CodecJsonReloadListener) Adding entry tardis_refined:hartnell
[08:36:25] [Render thread/INFO] (TardisRefined/CodecJsonReloadListener) Adding entry tardis_refined:refurbished
[08:36:25] [Render thread/INFO] (TardisRefined/CodecJsonReloadListener) Adding entry tardis_refined:toyota
[08:36:25] [Render thread/INFO] (TardisRefined/CodecJsonReloadListener) Adding entry tardis_refined:vapor
[08:36:25] [Render thread/INFO] (TardisRefined/CodecJsonReloadListener) Adding entry tardis_refined:classic
[08:36:25] [Render thread/INFO] (TardisRefined/CodecJsonReloadListener) Adding entry tardis_refined:factory
[08:36:25] [Render thread/INFO] (TardisRefined/CodecJsonReloadListener) Adding entry tardis_refined:panamax
[08:36:25] [Render thread/INFO] (TardisRefined/CodecJsonReloadListener) Adding entry tardis_refined:lodestone
[08:36:25] [Render thread/INFO] (TardisRefined/CodecJsonReloadListener) Adding entry tardis_refined:watchface
[08:36:25] [Render thread/INFO] (TardisRefined/CodecJsonReloadListener) Data loader for tardis_refined/desktops loaded 25 entries
[08:36:25] [Render thread/INFO] (TardisRefined/CodecJsonReloadListener) Beginning loading of data for data loader: tardis_refined/hums
[08:36:25] [Render thread/INFO] (TardisRefined/CodecJsonReloadListener) Adding entry tardis_refined:crimson_forest
[08:36:25] [Render thread/INFO] (TardisRefined/CodecJsonReloadListener) Adding entry tardis_refined:under_water
[08:36:25] [Render thread/INFO] (TardisRefined/CodecJsonReloadListener) Adding entry tardis_refined:soul_sand_valley
[08:36:25] [Render thread/INFO] (TardisRefined/CodecJsonReloadListener) Adding entry tardis_refined:basalt_deltas
[08:36:25] [Render thread/INFO] (TardisRefined/CodecJsonReloadListener) Adding entry tardis_refined:nether_wastes
[08:36:25] [Render thread/INFO] (TardisRefined/CodecJsonReloadListener) Adding entry tardis_refined:warped_forest
[08:36:25] [Render thread/INFO] (TardisRefined/CodecJsonReloadListener) Adding entry tardis_refined:copper
[08:36:25] [Render thread/INFO] (TardisRefined/CodecJsonReloadListener) Adding entry tardis_refined:aviatrax
[08:36:25] [Render thread/INFO] (TardisRefined/CodecJsonReloadListener) Adding entry tardis_refined:toyota
[08:36:25] [Render thread/INFO] (TardisRefined/CodecJsonReloadListener) Adding entry tardis_refined:victorian
[08:36:25] [Render thread/INFO] (TardisRefined/CodecJsonReloadListener) Adding entry tardis_refined:classic
[08:36:25] [Render thread/INFO] (TardisRefined/CodecJsonReloadListener) Adding entry tardis_refined:cave
[08:36:25] [Render thread/INFO] (TardisRefined/CodecJsonReloadListener) Adding entry tardis_refined:coral
[08:36:25] [Render thread/INFO] (TardisRefined/CodecJsonReloadListener) Data loader for tardis_refined/hums loaded 13 entries
[08:36:27] [Worker-Main-1/INFO] (TardisRefined/MergeableCodecJsonReloadListener) Beginning loading of data for data loader: tardis_refined/patterns/shell
[08:36:27] [Worker-Main-5/INFO] (TardisRefined/MergeableCodecJsonReloadListener) Beginning loading of data for data loader: tardis_refined/patterns/console
[08:36:27] [Worker-Main-1/INFO] (TardisRefined/MergeableCodecJsonReloadListener) Adding Pattern tardis_refined:tardis_refined/patterns/shell/big_ben.json for tardis_refined:big_ben
[08:36:27] [Worker-Main-1/INFO] (TardisRefined/MergeableCodecJsonReloadListener) Adding Pattern tardis_refined:tardis_refined/patterns/shell/briefcase.json for tardis_refined:briefcase
[08:36:27] [Worker-Main-1/INFO] (TardisRefined/MergeableCodecJsonReloadListener) Adding Pattern tardis_refined:tardis_refined/patterns/shell/castle.json for tardis_refined:castle
[08:36:27] [Worker-Main-5/INFO] (TardisRefined/MergeableCodecJsonReloadListener) Adding Pattern tardis_refined:tardis_refined/patterns/console/copper.json for tardis_refined:copper
[08:36:27] [Worker-Main-1/INFO] (TardisRefined/MergeableCodecJsonReloadListener) Adding Pattern tardis_refined:tardis_refined/patterns/shell/drifter.json for tardis_refined:drifter
[08:36:27] [Worker-Main-1/INFO] (TardisRefined/MergeableCodecJsonReloadListener) Adding Pattern tardis_refined:tardis_refined/patterns/shell/factory.json for tardis_refined:factory
[08:36:27] [Worker-Main-1/INFO] (TardisRefined/MergeableCodecJsonReloadListener) Adding Pattern tardis_refined:tardis_refined/patterns/shell/groening.json for tardis_refined:groening
[08:36:27] [Worker-Main-1/INFO] (TardisRefined/MergeableCodecJsonReloadListener) Adding Pattern tardis_refined:tardis_refined/patterns/shell/growth.json for tardis_refined:growth
[08:36:27] [Worker-Main-1/INFO] (TardisRefined/MergeableCodecJsonReloadListener) Adding Pattern tardis_refined:tardis_refined/patterns/shell/half_baked.json for tardis_refined:half_baked
[08:36:27] [Worker-Main-1/INFO] (TardisRefined/MergeableCodecJsonReloadListener) Adding Pattern tardis_refined:tardis_refined/patterns/shell/hieroglyph.json for tardis_refined:hieroglyph
[08:36:27] [Worker-Main-5/INFO] (TardisRefined/MergeableCodecJsonReloadListener) Adding Pattern tardis_refined:tardis_refined/patterns/console/coral.json for tardis_refined:coral
[08:36:27] [Worker-Main-5/INFO] (TardisRefined/MergeableCodecJsonReloadListener) Adding Pattern tardis_refined:tardis_refined/patterns/console/crystal.json for tardis_refined:crystal
[08:36:27] [Worker-Main-1/INFO] (TardisRefined/MergeableCodecJsonReloadListener) Adding Pattern tardis_refined:tardis_refined/patterns/shell/lift.json for tardis_refined:lift
[08:36:27] [Worker-Main-1/INFO] (TardisRefined/MergeableCodecJsonReloadListener) Adding Pattern tardis_refined:tardis_refined/patterns/shell/mystic.json for tardis_refined:mystic
[08:36:27] [Worker-Main-5/INFO] (TardisRefined/MergeableCodecJsonReloadListener) Adding Pattern tardis_refined:tardis_refined/patterns/console/factory.json for tardis_refined:factory
[08:36:27] [Worker-Main-1/INFO] (TardisRefined/MergeableCodecJsonReloadListener) Adding Pattern tardis_refined:tardis_refined/patterns/shell/nuka.json for tardis_refined:nuka
[08:36:27] [Worker-Main-5/INFO] (TardisRefined/MergeableCodecJsonReloadListener) Adding Pattern tardis_refined:tardis_refined/patterns/console/initiative.json for tardis_refined:initiative
[08:36:27] [Worker-Main-1/INFO] (TardisRefined/MergeableCodecJsonReloadListener) Adding Pattern tardis_refined:tardis_refined/patterns/shell/pagoda.json for tardis_refined:pagoda
[08:36:27] [Worker-Main-5/INFO] (TardisRefined/MergeableCodecJsonReloadListener) Adding Pattern tardis_refined:tardis_refined/patterns/console/myst.json for tardis_refined:myst
[08:36:27] [Worker-Main-1/INFO] (TardisRefined/MergeableCodecJsonReloadListener) Adding Pattern tardis_refined:tardis_refined/patterns/shell/pathfinder.json for tardis_refined:pathfinder
[08:36:27] [Worker-Main-5/INFO] (TardisRefined/MergeableCodecJsonReloadListener) Adding Pattern tardis_refined:tardis_refined/patterns/console/nuka.json for tardis_refined:nuka
[08:36:27] [Worker-Main-1/INFO] (TardisRefined/MergeableCodecJsonReloadListener) Adding Pattern tardis_refined:tardis_refined/patterns/shell/phone_booth.json for tardis_refined:phone_booth
[08:36:27] [Worker-Main-5/INFO] (TardisRefined/MergeableCodecJsonReloadListener) Adding Pattern tardis_refined:tardis_refined/patterns/console/refurbished.json for tardis_refined:refurbished
[08:36:27] [Worker-Main-1/INFO] (TardisRefined/MergeableCodecJsonReloadListener) Adding Pattern tardis_refined:tardis_refined/patterns/shell/police_box.json for tardis_refined:police_box
[08:36:27] [Worker-Main-1/INFO] (TardisRefined/MergeableCodecJsonReloadListener) Adding Pattern tardis_refined:tardis_refined/patterns/shell/portaloo.json for tardis_refined:portaloo
[08:36:27] [Worker-Main-5/INFO] (TardisRefined/MergeableCodecJsonReloadListener) Adding Pattern tardis_refined:tardis_refined/patterns/console/toyota.json for tardis_refined:toyota
[08:36:27] [Worker-Main-1/INFO] (TardisRefined/MergeableCodecJsonReloadListener) Adding Pattern tardis_refined:tardis_refined/patterns/shell/present.json for tardis_refined:present
[08:36:27] [Worker-Main-5/INFO] (TardisRefined/MergeableCodecJsonReloadListener) Adding Pattern tardis_refined:tardis_refined/patterns/console/victorian.json for tardis_refined:victorian
[08:36:27] [Worker-Main-5/INFO] (TardisRefined/MergeableCodecJsonReloadListener) Data loader for tardis_refined/patterns/console loaded 10 jsons
[08:36:27] [Worker-Main-1/INFO] (TardisRefined/MergeableCodecJsonReloadListener) Adding Pattern tardis_refined:tardis_refined/patterns/shell/shulker.json for tardis_refined:shulker
[08:36:27] [Worker-Main-1/INFO] (TardisRefined/MergeableCodecJsonReloadListener) Adding Pattern tardis_refined:tardis_refined/patterns/shell/vending.json for tardis_refined:vending
[08:36:27] [Worker-Main-1/INFO] (TardisRefined/MergeableCodecJsonReloadListener) Data loader for tardis_refined/patterns/shell loaded 20 jsons
[08:36:27] [Render thread/INFO] (Minecraft) Loaded 8 recipes
[08:36:27] [Render thread/INFO] (Minecraft) Loaded 1290 advancements
[08:36:27] [Render thread/INFO] (TardisRefined/CodecJsonReloadListener) Beginning loading of data for data loader: tardis_refined/desktops
[08:36:27] [Render thread/INFO] (TardisRefined/CodecJsonReloadListener) Adding entry tardis_refined:mechanical
[08:36:27] [Render thread/INFO] (TardisRefined/CodecJsonReloadListener) Adding entry tardis_refined:newwave
[08:36:27] [Render thread/INFO] (TardisRefined/CodecJsonReloadListener) Adding entry tardis_refined:future_nostalgia
[08:36:27] [Render thread/INFO] (TardisRefined/CodecJsonReloadListener) Adding entry tardis_refined:terraformed
[08:36:27] [Render thread/INFO] (TardisRefined/CodecJsonReloadListener) Adding entry tardis_refined:crystal
[08:36:27] [Render thread/INFO] (TardisRefined/CodecJsonReloadListener) Adding entry tardis_refined:copper
[08:36:27] [Render thread/INFO] (TardisRefined/CodecJsonReloadListener) Adding entry tardis_refined:violet_eye
[08:36:27] [Render thread/INFO] (TardisRefined/CodecJsonReloadListener) Adding entry tardis_refined:hellbound
[08:36:27] [Render thread/INFO] (TardisRefined/CodecJsonReloadListener) Adding entry tardis_refined:victorian
[08:36:27] [Render thread/INFO] (TardisRefined/CodecJsonReloadListener) Adding entry tardis_refined:ironguard
[08:36:27] [Render thread/INFO] (TardisRefined/CodecJsonReloadListener) Adding entry tardis_refined:mesh
[08:36:27] [Render thread/INFO] (TardisRefined/CodecJsonReloadListener) Adding entry tardis_refined:arnet
[08:36:27] [Render thread/INFO] (TardisRefined/CodecJsonReloadListener) Adding entry tardis_refined:coral
[08:36:27] [Render thread/INFO] (TardisRefined/CodecJsonReloadListener) Adding entry tardis_refined:radiance
[08:36:27] [Render thread/INFO] (TardisRefined/CodecJsonReloadListener) Adding entry tardis_refined:nuka
[08:36:27] [Render thread/INFO] (TardisRefined/CodecJsonReloadListener) Adding entry tardis_refined:pertwee
[08:36:27] [Render thread/INFO] (TardisRefined/CodecJsonReloadListener) Adding entry tardis_refined:hartnell
[08:36:27] [Render thread/INFO] (TardisRefined/CodecJsonReloadListener) Adding entry tardis_refined:refurbished
[08:36:27] [Render thread/INFO] (TardisRefined/CodecJsonReloadListener) Adding entry tardis_refined:toyota
[08:36:27] [Render thread/INFO] (TardisRefined/CodecJsonReloadListener) Adding entry tardis_refined:vapor
[08:36:27] [Render thread/INFO] (TardisRefined/CodecJsonReloadListener) Adding entry tardis_refined:classic
[08:36:27] [Render thread/INFO] (TardisRefined/CodecJsonReloadListener) Adding entry tardis_refined:factory
[08:36:27] [Render thread/INFO] (TardisRefined/CodecJsonReloadListener) Adding entry tardis_refined:panamax
[08:36:27] [Render thread/INFO] (TardisRefined/CodecJsonReloadListener) Adding entry tardis_refined:lodestone
[08:36:27] [Render thread/INFO] (TardisRefined/CodecJsonReloadListener) Adding entry tardis_refined:watchface
[08:36:27] [Render thread/INFO] (TardisRefined/CodecJsonReloadListener) Data loader for tardis_refined/desktops loaded 25 entries
[08:36:27] [Render thread/INFO] (TardisRefined/CodecJsonReloadListener) Beginning loading of data for data loader: tardis_refined/hums
[08:36:27] [Render thread/INFO] (TardisRefined/CodecJsonReloadListener) Adding entry tardis_refined:crimson_forest
[08:36:27] [Render thread/INFO] (TardisRefined/CodecJsonReloadListener) Adding entry tardis_refined:under_water
[08:36:27] [Render thread/INFO] (TardisRefined/CodecJsonReloadListener) Adding entry tardis_refined:soul_sand_valley
[08:36:27] [Render thread/INFO] (TardisRefined/CodecJsonReloadListener) Adding entry tardis_refined:basalt_deltas
[08:36:27] [Render thread/INFO] (TardisRefined/CodecJsonReloadListener) Adding entry tardis_refined:nether_wastes
[08:36:27] [Render thread/INFO] (TardisRefined/CodecJsonReloadListener) Adding entry tardis_refined:warped_forest
[08:36:27] [Render thread/INFO] (TardisRefined/CodecJsonReloadListener) Adding entry tardis_refined:copper
[08:36:27] [Render thread/INFO] (TardisRefined/CodecJsonReloadListener) Adding entry tardis_refined:aviatrax
[08:36:27] [Render thread/INFO] (TardisRefined/CodecJsonReloadListener) Adding entry tardis_refined:toyota
[08:36:27] [Render thread/INFO] (TardisRefined/CodecJsonReloadListener) Adding entry tardis_refined:victorian
[08:36:27] [Render thread/INFO] (TardisRefined/CodecJsonReloadListener) Adding entry tardis_refined:classic
[08:36:27] [Render thread/INFO] (TardisRefined/CodecJsonReloadListener) Adding entry tardis_refined:cave
[08:36:27] [Render thread/INFO] (TardisRefined/CodecJsonReloadListener) Adding entry tardis_refined:coral
[08:36:27] [Render thread/INFO] (TardisRefined/CodecJsonReloadListener) Data loader for tardis_refined/hums loaded 13 entries
[08:36:27] [Render thread/INFO] (BiomeModificationImpl) Applied 121 biome modifications to 53 of 65 new biomes in 14.70 ms
[08:36:27] [Server thread/INFO] (Minecraft) Starting integrated minecraft server version 1.20.1
[08:36:27] [Server thread/INFO] (Minecraft) Generating keypair
[08:36:29] [Server thread/INFO] (Minecraft) Preparing start region for dimension minecraft:overworld
[08:36:30] [Render thread/INFO] (Minecraft) Preparing spawn area: 0%
[08:36:30] [Render thread/INFO] (Minecraft) Preparing spawn area: 0%
[08:36:30] [Render thread/INFO] (Minecraft) Preparing spawn area: 0%
[08:36:30] [Render thread/INFO] (Minecraft) Preparing spawn area: 0%
[08:36:31] [Render thread/INFO] (Minecraft) Preparing spawn area: 4%
[08:36:31] [Render thread/INFO] (Minecraft) Time elapsed: 2339 ms
[08:36:31] [Server thread/INFO] (TardisRefined/DimensionHandler) Attempting to load tardis_refined:4c6426ba-5342-4264-b268-98cbb4a09da8
[08:36:31] [Server thread/INFO] (TardisRefined/DimensionHandler) Successfully loaded existing level tardis_refined:4c6426ba-5342-4264-b268-98cbb4a09da8
[08:36:32] [Server thread/INFO] (Minecraft) Changing view distance to 12, from 10
[08:36:32] [Server thread/INFO] (Minecraft) Changing simulation distance to 12, from 0
[08:36:33] [Server thread/INFO] (Minecraft) Player117[local:E:7dd15ab3] logged in with entity id 127 at (1.4821425437935638, 94.0, -1.1756543938124078)
[08:36:33] [Netty Local Client IO #0/INFO] (TardisRefined/TardisDesktops) Adding default Desktop tardis_refined:arnet
[08:36:33] [Netty Local Client IO #0/INFO] (TardisRefined/TardisDesktops) Adding default Desktop tardis_refined:copper
[08:36:33] [Netty Local Client IO #0/INFO] (TardisRefined/TardisDesktops) Adding default Desktop tardis_refined:coral
[08:36:33] [Netty Local Client IO #0/INFO] (TardisRefined/TardisDesktops) Adding default Desktop tardis_refined:crystal
[08:36:33] [Netty Local Client IO #0/INFO] (TardisRefined/TardisDesktops) Adding default Desktop tardis_refined:factory
[08:36:33] [Netty Local Client IO #0/INFO] (TardisRefined/TardisDesktops) Adding default Desktop tardis_refined:future_nostalgia
[08:36:33] [Netty Local Client IO #0/INFO] (TardisRefined/TardisDesktops) Adding default Desktop tardis_refined:hellbound
[08:36:33] [Netty Local Client IO #0/INFO] (TardisRefined/TardisDesktops) Adding default Desktop tardis_refined:ironguard
[08:36:33] [Netty Local Client IO #0/INFO] (TardisRefined/TardisDesktops) Adding default Desktop tardis_refined:lodestone
[08:36:33] [Netty Local Client IO #0/INFO] (TardisRefined/TardisDesktops) Adding default Desktop tardis_refined:mechanical
[08:36:33] [Netty Local Client IO #0/INFO] (TardisRefined/TardisDesktops) Adding default Desktop tardis_refined:mesh
[08:36:33] [Netty Local Client IO #0/INFO] (TardisRefined/TardisDesktops) Adding default Desktop tardis_refined:newwave
[08:36:33] [Netty Local Client IO #0/INFO] (TardisRefined/TardisDesktops) Adding default Desktop tardis_refined:nuka
[08:36:33] [Netty Local Client IO #0/INFO] (TardisRefined/TardisDesktops) Adding default Desktop tardis_refined:radiance
[08:36:33] [Netty Local Client IO #0/INFO] (TardisRefined/TardisDesktops) Adding default Desktop tardis_refined:refurbished
[08:36:33] [Netty Local Client IO #0/INFO] (TardisRefined/TardisDesktops) Adding default Desktop tardis_refined:toyota
[08:36:33] [Netty Local Client IO #0/INFO] (TardisRefined/TardisDesktops) Adding default Desktop tardis_refined:vapor
[08:36:33] [Netty Local Client IO #0/INFO] (TardisRefined/TardisDesktops) Adding default Desktop tardis_refined:victorian
[08:36:33] [Netty Local Client IO #0/INFO] (TardisRefined/TardisDesktops) Adding default Desktop tardis_refined:violet_eye
[08:36:33] [Netty Local Client IO #0/INFO] (TardisRefined/TardisDesktops) Adding default Desktop tardis_refined:watchface
[08:36:33] [Netty Local Client IO #0/INFO] (TardisRefined/TardisDesktops) Adding default Desktop tardis_refined:classic
[08:36:33] [Netty Local Client IO #0/INFO] (TardisRefined/TardisDesktops) Adding default Desktop tardis_refined:terraformed
[08:36:33] [Netty Local Client IO #0/INFO] (TardisRefined/TardisDesktops) Adding default Desktop tardis_refined:panamax
[08:36:33] [Netty Local Client IO #0/INFO] (TardisRefined/TardisDesktops) Adding default Desktop tardis_refined:hartnell
[08:36:33] [Netty Local Client IO #0/INFO] (TardisRefined/TardisDesktops) Adding default Desktop tardis_refined:pertwee
[08:36:33] [Netty Local Client IO #0/INFO] (TardisRefined/ConsolePatterns) Adding ConsolePattern tardis_refined:default for tardis_refined:copper
[08:36:33] [Netty Local Client IO #0/INFO] (TardisRefined/ConsolePatterns) Adding ConsolePattern tardis_refined:default for tardis_refined:toyota
[08:36:33] [Netty Local Client IO #0/INFO] (TardisRefined/ConsolePatterns) Adding ConsolePattern tardis_refined:default for tardis_refined:victorian
[08:36:33] [Netty Local Client IO #0/INFO] (TardisRefined/ConsolePatterns) Adding ConsolePattern tardis_refined:default for tardis_refined:myst
[08:36:33] [Netty Local Client IO #0/INFO] (TardisRefined/ConsolePatterns) Adding ConsolePattern tardis_refined:default for tardis_refined:nuka
[08:36:33] [Netty Local Client IO #0/INFO] (TardisRefined/ConsolePatterns) Adding ConsolePattern tardis_refined:default for tardis_refined:factory
[08:36:33] [Netty Local Client IO #0/INFO] (TardisRefined/ConsolePatterns) Adding ConsolePattern tardis_refined:default for tardis_refined:initiative
[08:36:33] [Netty Local Client IO #0/INFO] (TardisRefined/ConsolePatterns) Adding ConsolePattern tardis_refined:default for tardis_refined:crystal
[08:36:33] [Netty Local Client IO #0/INFO] (TardisRefined/ConsolePatterns) Adding ConsolePattern tardis_refined:default for tardis_refined:coral
[08:36:33] [Netty Local Client IO #0/INFO] (TardisRefined/ConsolePatterns) Adding ConsolePattern tardis_refined:default for tardis_refined:refurbished
[08:36:33] [Netty Local Client IO #0/INFO] (TardisRefined/ConsolePatterns) Adding ConsolePattern tardis_refined:war for tardis_refined:coral
[08:36:33] [Netty Local Client IO #0/INFO] (TardisRefined/ConsolePatterns) Adding ConsolePattern tardis_refined:blue for tardis_refined:coral
[08:36:33] [Netty Local Client IO #0/INFO] (TardisRefined/ConsolePatterns) Adding ConsolePattern tardis_refined:vintage for tardis_refined:factory
[08:36:33] [Netty Local Client IO #0/INFO] (TardisRefined/ConsolePatterns) Adding ConsolePattern tardis_refined:mint for tardis_refined:factory
[08:36:33] [Netty Local Client IO #0/INFO] (TardisRefined/ConsolePatterns) Adding ConsolePattern tardis_refined:wood for tardis_refined:factory
[08:36:33] [Netty Local Client IO #0/INFO] (TardisRefined/ConsolePatterns) Adding ConsolePattern tardis_refined:violet for tardis_refined:toyota
[08:36:33] [Netty Local Client IO #0/INFO] (TardisRefined/ConsolePatterns) Adding ConsolePattern tardis_refined:blue for tardis_refined:toyota
[08:36:33] [Netty Local Client IO #0/INFO] (TardisRefined/ConsolePatterns) Adding ConsolePattern tardis_refined:skulk for tardis_refined:toyota
[08:36:33] [Netty Local Client IO #0/INFO] (TardisRefined/ConsolePatterns) Adding ConsolePattern tardis_refined:corrupted for tardis_refined:crystal
[08:36:33] [Netty Local Client IO #0/INFO] (TardisRefined/ConsolePatterns) Adding ConsolePattern tardis_refined:molten for tardis_refined:myst
[08:36:33] [Netty Local Client IO #0/INFO] (TardisRefined/ConsolePatterns) Adding ConsolePattern tardis_refined:bronze_age for tardis_refined:victorian
[08:36:33] [Netty Local Client IO #0/INFO] (TardisRefined/ConsolePatterns) Adding ConsolePattern tardis_refined:aperture for tardis_refined:initiative
[08:36:33] [Netty Local Client IO #0/INFO] (TardisRefined/ConsolePatterns) Adding ConsolePattern tardis_refined:blue for tardis_refined:initiative
[08:36:33] [Netty Local Client IO #0/INFO] (TardisRefined/ConsolePatterns) Adding ConsolePattern tardis_refined:construction for tardis_refined:initiative
[08:36:33] [Netty Local Client IO #0/INFO] (TardisRefined/ConsolePatterns) Adding ConsolePattern tardis_refined:industrial for tardis_refined:nuka
[08:36:33] [Netty Local Client IO #0/INFO] (TardisRefined/ConsolePatterns) Adding ConsolePattern tardis_refined:cool for tardis_refined:nuka
[08:36:33] [Netty Local Client IO #0/INFO] (TardisRefined/ConsolePatterns) Adding ConsolePattern tardis_refined:sculk for tardis_refined:copper
[08:36:33] [Netty Local Client IO #0/INFO] (TardisRefined/ShellPatterns) Adding Shell Pattern tardis_refined:faded for tardis_refined:police_box
[08:36:33] [Netty Local Client IO #0/INFO] (TardisRefined/ShellPatterns) Adding Shell Pattern tardis_refined:fourteen for tardis_refined:police_box
[08:36:33] [Netty Local Client IO #0/INFO] (TardisRefined/ShellPatterns) Adding Shell Pattern tardis_refined:barbie for tardis_refined:police_box
[08:36:33] [Netty Local Client IO #0/INFO] (TardisRefined/ShellPatterns) Adding Shell Pattern tardis_refined:metal for tardis_refined:phone_booth
[08:36:33] [Netty Local Client IO #0/INFO] (TardisRefined/ShellPatterns) Adding Shell Pattern tardis_refined:cardboard for tardis_refined:present
[08:36:33] [Netty Local Client IO #0/INFO] (TardisRefined/ShellPatterns) Adding Shell Pattern tardis_refined:intel for tardis_refined:briefcase
[08:36:33] [Netty Local Client IO #0/INFO] (TardisRefined/ShellPatterns) Adding Shell Pattern tardis_refined:metal for tardis_refined:briefcase
[08:36:33] [Netty Local Client IO #0/INFO] (TardisRefined/ShellPatterns) Adding Shell Pattern tardis_refined:mesa for tardis_refined:briefcase
[08:36:33] [Netty Local Client IO #0/INFO] (TardisRefined/ShellPatterns) Adding Shell Pattern tardis_refined:dwarven for tardis_refined:mystic
[08:36:33] [Netty Local Client IO #0/INFO] (TardisRefined/ShellPatterns) Adding Shell Pattern tardis_refined:gothic for tardis_refined:big_ben
[08:36:33] [Netty Local Client IO #0/INFO] (TardisRefined/ShellPatterns) Adding Shell Pattern tardis_refined:blue for tardis_refined:shulker
[08:36:33] [Netty Local Client IO #0/INFO] (TardisRefined/ShellPatterns) Adding Shell Pattern tardis_refined:brown for tardis_refined:shulker
[08:36:33] [Netty Local Client IO #0/INFO] (TardisRefined/ShellPatterns) Adding Shell Pattern tardis_refined:cyan for tardis_refined:shulker
[08:36:33] [Netty Local Client IO #0/INFO] (TardisRefined/ShellPatterns) Adding Shell Pattern tardis_refined:gray for tardis_refined:shulker
[08:36:33] [Netty Local Client IO #0/INFO] (TardisRefined/ShellPatterns) Adding Shell Pattern tardis_refined:green for tardis_refined:shulker
[08:36:33] [Netty Local Client IO #0/INFO] (TardisRefined/ShellPatterns) Adding Shell Pattern tardis_refined:light_blue for tardis_refined:shulker
[08:36:33] [Netty Local Client IO #0/INFO] (TardisRefined/ShellPatterns) Adding Shell Pattern tardis_refined:light_gray for tardis_refined:shulker
[08:36:33] [Netty Local Client IO #0/INFO] (TardisRefined/ShellPatterns) Adding Shell Pattern tardis_refined:lime for tardis_refined:shulker
[08:36:33] [Netty Local Client IO #0/INFO] (TardisRefined/ShellPatterns) Adding Shell Pattern tardis_refined:magenta for tardis_refined:shulker
[08:36:33] [Netty Local Client IO #0/INFO] (TardisRefined/ShellPatterns) Adding Shell Pattern tardis_refined:orange for tardis_refined:shulker
[08:36:33] [Netty Local Client IO #0/INFO] (TardisRefined/ShellPatterns) Adding Shell Pattern tardis_refined:pink for tardis_refined:shulker
[08:36:33] [Netty Local Client IO #0/INFO] (TardisRefined/ShellPatterns) Adding Shell Pattern tardis_refined:purple for tardis_refined:shulker
[08:36:33] [Netty Local Client IO #0/INFO] (TardisRefined/ShellPatterns) Adding Shell Pattern tardis_refined:red for tardis_refined:shulker
[08:36:33] [Netty Local Client IO #0/INFO] (TardisRefined/ShellPatterns) Adding Shell Pattern tardis_refined:white for tardis_refined:shulker
[08:36:33] [Netty Local Client IO #0/INFO] (TardisRefined/ShellPatterns) Adding Shell Pattern tardis_refined:yellow for tardis_refined:shulker
[08:36:33] [Netty Local Client IO #0/INFO] (TardisRefined/ShellPatterns) Adding Shell Pattern tardis_refined:shulker for tardis_refined:shulker
[08:36:33] [Server thread/INFO] (Minecraft) Player117 joined the game
[08:36:33] [Render thread/INFO] (Minecraft) Loaded 2 advancements
[08:36:34] [Render thread/INFO] (TardisRefined/FrameByJeryn) Loading animation: tardis_refined:frame/shell/myst/idle.json
[08:36:34] [Render thread/INFO] (TardisRefined/FrameByJeryn) Loading animation: tardis_refined:frame/console/factory/idle.json
[08:36:34] [Render thread/INFO] (TardisRefined/FrameByJeryn) Loading animation: tardis_refined:frame/console/factory/flight.json
[08:36:34] [Render thread/INFO] (TardisRefined/FrameByJeryn) Loading animation: tardis_refined:frame/console/factory/crash.json
[08:36:34] [Render thread/INFO] (TardisRefined/FrameByJeryn) Loading animation: tardis_refined:frame/console/factory/power_on.json
[08:36:34] [Render thread/INFO] (TardisRefined/FrameByJeryn) Loading animation: tardis_refined:frame/console/factory/power_off.json
[08:36:34] [Render thread/INFO] (TardisRefined/FrameByJeryn) Loading animation: tardis_refined:frame/console/nuka/flight.json
[08:36:34] [Render thread/INFO] (TardisRefined/FrameByJeryn) Loading animation: tardis_refined:frame/console/copper/idle.json
[08:36:34] [Render thread/INFO] (TardisRefined/FrameByJeryn) Loading animation: tardis_refined:frame/console/copper/flight.json
[08:36:34] [Render thread/INFO] (TardisRefined/FrameByJeryn) Loading animation: tardis_refined:frame/console/coral/idle.json
[08:36:34] [Render thread/INFO] (TardisRefined/FrameByJeryn) Loading animation: tardis_refined:frame/console/coral/flight.json
[08:36:34] [Render thread/INFO] (TardisRefined/FrameByJeryn) Loading animation: tardis_refined:frame/console/toyota/idle.json
[08:36:34] [Render thread/INFO] (TardisRefined/FrameByJeryn) Loading animation: tardis_refined:frame/console/toyota/flight.json
[08:36:34] [Render thread/INFO] (TardisRefined/FrameByJeryn) Loading animation: tardis_refined:frame/console/crystal/idle.json
[08:36:34] [Render thread/INFO] (TardisRefined/FrameByJeryn) Loading animation: tardis_refined:frame/console/crystal/flight.json
[08:36:34] [Render thread/INFO] (TardisRefined/FrameByJeryn) Loading animation: tardis_refined:frame/console/victorian/idle.json
[08:36:34] [Render thread/INFO] (TardisRefined/FrameByJeryn) Loading animation: tardis_refined:frame/console/victorian/flight.json
[08:36:34] [Render thread/INFO] (TardisRefined/FrameByJeryn) Loading animation: tardis_refined:frame/console/victorian/crash.json
[08:36:34] [Render thread/INFO] (TardisRefined/FrameByJeryn) Loading animation: tardis_refined:frame/console/victorian/power_on.json
[08:36:34] [Render thread/INFO] (TardisRefined/FrameByJeryn) Loading animation: tardis_refined:frame/console/victorian/power_off.json
[08:36:34] [Render thread/INFO] (TardisRefined/FrameByJeryn) Loading animation: tardis_refined:frame/console/initiative/idle.json
[08:36:34] [Render thread/INFO] (TardisRefined/FrameByJeryn) Loading animation: tardis_refined:frame/console/initiative/flight.json
[08:36:34] [Render thread/INFO] (TardisRefined/FrameByJeryn) Loading animation: tardis_refined:frame/console/refurbished/idle.json
[08:36:34] [Render thread/INFO] (TardisRefined/FrameByJeryn) Loading animation: tardis_refined:frame/console/refurbished/flight.json
[08:36:34] [Render thread/INFO] (TardisRefined/ConsoleModelCollection) Registered console model: tardis_refined:factory
[08:36:34] [Render thread/INFO] (TardisRefined/ConsoleModelCollection) Registered console model: tardis_refined:nuka
[08:36:34] [Render thread/INFO] (TardisRefined/ConsoleModelCollection) Registered console model: tardis_refined:copper
[08:36:34] [Render thread/INFO] (TardisRefined/ConsoleModelCollection) Registered console model: tardis_refined:coral
[08:36:34] [Render thread/INFO] (TardisRefined/ConsoleModelCollection) Registered console model: tardis_refined:toyota
[08:36:34] [Render thread/INFO] (TardisRefined/ConsoleModelCollection) Registered console model: tardis_refined:crystal
[08:36:34] [Render thread/INFO] (TardisRefined/ConsoleModelCollection) Registered console model: tardis_refined:victorian
[08:36:34] [Render thread/INFO] (TardisRefined/ConsoleModelCollection) Registered console model: tardis_refined:myst
[08:36:34] [Render thread/INFO] (TardisRefined/ConsoleModelCollection) Registered console model: tardis_refined:initiative
[08:36:34] [Render thread/INFO] (TardisRefined/ConsoleModelCollection) Registered console model: tardis_refined:refurbished
[08:37:14] [Server thread/INFO] (Minecraft) Saving and pausing game...
[08:37:14] [Server thread/INFO] (Minecraft) Saving chunks for level 'ServerLevel[New World]'/minecraft:overworld
[08:37:14] [Server thread/INFO] (Minecraft) Saving chunks for level 'ServerLevel[New World]'/tardis_refined:4c6426ba-5342-4264-b268-98cbb4a09da8
[08:37:14] [Server thread/INFO] (Minecraft) Saving chunks for level 'ServerLevel[New World]'/minecraft:the_nether
[08:37:14] [Server thread/INFO] (Minecraft) Saving chunks for level 'ServerLevel[New World]'/minecraft:the_end
[08:37:15] [Server thread/INFO] (Minecraft) Player117 lost connection: Disconnected
[08:37:15] [Server thread/INFO] (Minecraft) Player117 left the game
[08:37:15] [Server thread/INFO] (Minecraft) Stopping singleplayer server as player logged out
[08:37:15] [Server thread/INFO] (Minecraft) Stopping server
[08:37:15] [Server thread/INFO] (Minecraft) Saving players
[08:37:15] [Server thread/INFO] (Minecraft) Saving worlds
[08:37:15] [Server thread/INFO] (Minecraft) Saving chunks for level 'ServerLevel[New World]'/minecraft:overworld
[08:37:16] [Server thread/INFO] (Minecraft) Saving chunks for level 'ServerLevel[New World]'/tardis_refined:4c6426ba-5342-4264-b268-98cbb4a09da8
[08:37:16] [Server thread/INFO] (Minecraft) Saving chunks for level 'ServerLevel[New World]'/minecraft:the_nether
[08:37:16] [Server thread/INFO] (Minecraft) Saving chunks for level 'ServerLevel[New World]'/minecraft:the_end
[08:37:16] [Server thread/INFO] (Minecraft) ThreadedAnvilChunkStorage (New World): All chunks are saved
[08:37:16] [Server thread/INFO] (Minecraft) ThreadedAnvilChunkStorage (4c6426ba-5342-4264-b268-98cbb4a09da8): All chunks are saved
[08:37:16] [Server thread/INFO] (Minecraft) ThreadedAnvilChunkStorage (DIM-1): All chunks are saved
[08:37:16] [Server thread/INFO] (Minecraft) ThreadedAnvilChunkStorage (DIM1): All chunks are saved
[08:37:16] [Server thread/INFO] (Minecraft) ThreadedAnvilChunkStorage: All dimensions are saved
[08:37:16] [Render thread/INFO] (Minecraft) Stopping!
